[debug] [2024-10-29T11:12:12.487Z] ----------------------------------------------------------------------
[debug] [2024-10-29T11:12:12.489Z] Command:       /nix/store/alik5i1lm5kfm61fh3pg221czk7pmv4g-nodejs-20.16.0/bin/node /home/runner/filipkufner/.config/npm/node_global/bin/firebase deploy
[debug] [2024-10-29T11:12:12.490Z] CLI Version:   13.23.0
[debug] [2024-10-29T11:12:12.490Z] Platform:      linux
[debug] [2024-10-29T11:12:12.490Z] Node Version:  v20.16.0
[debug] [2024-10-29T11:12:12.490Z] Time:          Tue Oct 29 2024 11:12:12 GMT+0000 (Coordinated Universal Time)
[debug] [2024-10-29T11:12:12.491Z] ----------------------------------------------------------------------
[debug] 
[debug] [2024-10-29T11:12:12.594Z] > command requires scopes: ["email","openid","https://www.googleapis.com/auth/cloudplatformprojects.readonly","https://www.googleapis.com/auth/firebase","https://www.googleapis.com/auth/cloud-platform"]
[debug] [2024-10-29T11:12:12.594Z] > authorizing via signed-in user (davidveli2000@hotmail.com)
[debug] [2024-10-29T11:12:12.594Z] [iam] checking project filip-portfolio-website for permissions ["cloudsql.databases.create","cloudsql.databases.update","cloudsql.instances.connect","cloudsql.instances.create","cloudsql.instances.get","cloudsql.instances.list","cloudsql.instances.update","cloudsql.users.create","datastore.indexes.create","datastore.indexes.delete","datastore.indexes.list","datastore.indexes.update","firebase.projects.get","firebasedataconnect.connectors.create","firebasedataconnect.connectors.delete","firebasedataconnect.connectors.list","firebasedataconnect.connectors.update","firebasedataconnect.operations.get","firebasedataconnect.schemas.create","firebasedataconnect.schemas.delete","firebasedataconnect.schemas.list","firebasedataconnect.schemas.update","firebasedataconnect.services.create","firebasedataconnect.services.delete","firebasedataconnect.services.list","firebasedataconnect.services.update","firebasehosting.sites.update","firebaserules.releases.create","firebaserules.releases.update","firebaserules.rulesets.create"]
[debug] [2024-10-29T11:12:12.596Z] Checked if tokens are valid: true, expires at: 1730203431259
[debug] [2024-10-29T11:12:12.596Z] Checked if tokens are valid: true, expires at: 1730203431259
[debug] [2024-10-29T11:12:12.597Z] >>> [apiv2][query] POST https://cloudresourcemanager.googleapis.com/v1/projects/filip-portfolio-website:testIamPermissions [none]
[debug] [2024-10-29T11:12:12.597Z] >>> [apiv2][(partial)header] POST https://cloudresourcemanager.googleapis.com/v1/projects/filip-portfolio-website:testIamPermissions x-goog-quota-user=projects/filip-portfolio-website
[debug] [2024-10-29T11:12:12.597Z] >>> [apiv2][body] POST https://cloudresourcemanager.googleapis.com/v1/projects/filip-portfolio-website:testIamPermissions {"permissions":["cloudsql.databases.create","cloudsql.databases.update","cloudsql.instances.connect","cloudsql.instances.create","cloudsql.instances.get","cloudsql.instances.list","cloudsql.instances.update","cloudsql.users.create","datastore.indexes.create","datastore.indexes.delete","datastore.indexes.list","datastore.indexes.update","firebase.projects.get","firebasedataconnect.connectors.create","firebasedataconnect.connectors.delete","firebasedataconnect.connectors.list","firebasedataconnect.connectors.update","firebasedataconnect.operations.get","firebasedataconnect.schemas.create","firebasedataconnect.schemas.delete","firebasedataconnect.schemas.list","firebasedataconnect.schemas.update","firebasedataconnect.services.create","firebasedataconnect.services.delete","firebasedataconnect.services.list","firebasedataconnect.services.update","firebasehosting.sites.update","firebaserules.releases.create","firebaserules.releases.update","firebaserules.rulesets.create"]}
[debug] [2024-10-29T11:12:12.702Z] <<< [apiv2][status] POST https://cloudresourcemanager.googleapis.com/v1/projects/filip-portfolio-website:testIamPermissions 200
[debug] [2024-10-29T11:12:12.705Z] <<< [apiv2][body] POST https://cloudresourcemanager.googleapis.com/v1/projects/filip-portfolio-website:testIamPermissions {"permissions":["cloudsql.databases.create","cloudsql.databases.update","cloudsql.instances.connect","cloudsql.instances.create","cloudsql.instances.get","cloudsql.instances.list","cloudsql.instances.update","cloudsql.users.create","datastore.indexes.create","datastore.indexes.delete","datastore.indexes.list","datastore.indexes.update","firebase.projects.get","firebasedataconnect.connectors.create","firebasedataconnect.connectors.delete","firebasedataconnect.connectors.list","firebasedataconnect.connectors.update","firebasedataconnect.operations.get","firebasedataconnect.schemas.create","firebasedataconnect.schemas.delete","firebasedataconnect.schemas.list","firebasedataconnect.schemas.update","firebasedataconnect.services.create","firebasedataconnect.services.delete","firebasedataconnect.services.list","firebasedataconnect.services.update","firebasehosting.sites.update","firebaserules.releases.create","firebaserules.releases.update","firebaserules.rulesets.create"]}
[debug] [2024-10-29T11:12:12.708Z] Checked if tokens are valid: true, expires at: 1730203431259
[debug] [2024-10-29T11:12:12.708Z] Checked if tokens are valid: true, expires at: 1730203431259
[debug] [2024-10-29T11:12:12.709Z] >>> [apiv2][query] GET https://firebase.googleapis.com/v1beta1/projects/filip-portfolio-website [none]
[debug] [2024-10-29T11:12:12.863Z] <<< [apiv2][status] GET https://firebase.googleapis.com/v1beta1/projects/filip-portfolio-website 200
[debug] [2024-10-29T11:12:12.864Z] <<< [apiv2][body] GET https://firebase.googleapis.com/v1beta1/projects/filip-portfolio-website {"projectId":"filip-portfolio-website","projectNumber":"730552061318","displayName":"Filip-Portfolio-Website","name":"projects/filip-portfolio-website","resources":{"hostingSite":"filip-portfolio-website","storageBucket":"filip-portfolio-website.appspot.com","locationId":"europe-west"},"state":"ACTIVE","etag":"1_c58bc92e-98ae-4f40-abd8-e069cb4ffb9f"}
[info] 
[info] === Deploying to 'filip-portfolio-website'...
[info] 
[info] i  deploying storage, firestore, hosting, dataconnect 
[info] i  storage: ensuring required API firebasestorage.googleapis.com is enabled... 
[debug] [2024-10-29T11:12:12.870Z] Checked if tokens are valid: true, expires at: 1730203431259
[debug] [2024-10-29T11:12:12.870Z] Checked if tokens are valid: true, expires at: 1730203431259
[debug] [2024-10-29T11:12:12.871Z] >>> [apiv2][query] GET https://serviceusage.googleapis.com/v1/projects/filip-portfolio-website/services/firebasestorage.googleapis.com [none]
[debug] [2024-10-29T11:12:12.871Z] >>> [apiv2][(partial)header] GET https://serviceusage.googleapis.com/v1/projects/filip-portfolio-website/services/firebasestorage.googleapis.com x-goog-quota-user=projects/filip-portfolio-website
[debug] [2024-10-29T11:12:12.986Z] <<< [apiv2][status] GET https://serviceusage.googleapis.com/v1/projects/filip-portfolio-website/services/firebasestorage.googleapis.com 200
[debug] [2024-10-29T11:12:12.987Z] <<< [apiv2][body] GET https://serviceusage.googleapis.com/v1/projects/filip-portfolio-website/services/firebasestorage.googleapis.com [omitted]
[info] ✔  storage: required API firebasestorage.googleapis.com is enabled 
[debug] [2024-10-29T11:12:12.988Z] Checked if tokens are valid: true, expires at: 1730203431259
[debug] [2024-10-29T11:12:12.988Z] Checked if tokens are valid: true, expires at: 1730203431259
[debug] [2024-10-29T11:12:12.988Z] >>> [apiv2][query] GET https://firebasestorage.googleapis.com/v1alpha/projects/filip-portfolio-website/defaultBucket [none]
[debug] [2024-10-29T11:12:13.313Z] <<< [apiv2][status] GET https://firebasestorage.googleapis.com/v1alpha/projects/filip-portfolio-website/defaultBucket 200
[debug] [2024-10-29T11:12:13.313Z] <<< [apiv2][body] GET https://firebasestorage.googleapis.com/v1alpha/projects/filip-portfolio-website/defaultBucket {"name":"projects/filip-portfolio-website/defaultBucket","location":"EU","bucket":{"name":"projects/filip-portfolio-website/buckets/filip-portfolio-website.appspot.com"}}
[info] i  firebase.storage: checking storage.rules for compilation errors... 
[debug] [2024-10-29T11:12:13.314Z] Checked if tokens are valid: true, expires at: 1730203431259
[debug] [2024-10-29T11:12:13.314Z] Checked if tokens are valid: true, expires at: 1730203431259
[debug] [2024-10-29T11:12:13.315Z] >>> [apiv2][query] POST https://firebaserules.googleapis.com/v1/projects/filip-portfolio-website:test [none]
[debug] [2024-10-29T11:12:13.315Z] >>> [apiv2][body] POST https://firebaserules.googleapis.com/v1/projects/filip-portfolio-website:test [omitted]
[debug] [2024-10-29T11:12:13.371Z] <<< [apiv2][status] POST https://firebaserules.googleapis.com/v1/projects/filip-portfolio-website:test 200
[debug] [2024-10-29T11:12:13.371Z] <<< [apiv2][body] POST https://firebaserules.googleapis.com/v1/projects/filip-portfolio-website:test {}
[info] ✔  firebase.storage: rules file storage.rules compiled successfully 
[info] i  firestore: reading indexes from firestore.indexes.json... 
[info] i  cloud.firestore: checking firestore.rules for compilation errors... 
[debug] [2024-10-29T11:12:13.373Z] Checked if tokens are valid: true, expires at: 1730203431259
[debug] [2024-10-29T11:12:13.373Z] Checked if tokens are valid: true, expires at: 1730203431259
[debug] [2024-10-29T11:12:13.373Z] >>> [apiv2][query] POST https://firebaserules.googleapis.com/v1/projects/filip-portfolio-website:test [none]
[debug] [2024-10-29T11:12:13.373Z] >>> [apiv2][body] POST https://firebaserules.googleapis.com/v1/projects/filip-portfolio-website:test [omitted]
[debug] [2024-10-29T11:12:13.414Z] <<< [apiv2][status] POST https://firebaserules.googleapis.com/v1/projects/filip-portfolio-website:test 200
[debug] [2024-10-29T11:12:13.414Z] <<< [apiv2][body] POST https://firebaserules.googleapis.com/v1/projects/filip-portfolio-website:test {}
[info] ✔  cloud.firestore: rules file firestore.rules compiled successfully 
[debug] [2024-10-29T11:12:13.422Z] Checked if tokens are valid: true, expires at: 1730203431259
[debug] [2024-10-29T11:12:13.422Z] Checked if tokens are valid: true, expires at: 1730203431259
[debug] [2024-10-29T11:12:13.422Z] >>> [apiv2][query] POST https://firebasehosting.googleapis.com/v1beta1/projects/-/sites/filip-portfolio-website/versions [none]
[debug] [2024-10-29T11:12:13.422Z] >>> [apiv2][body] POST https://firebasehosting.googleapis.com/v1beta1/projects/-/sites/filip-portfolio-website/versions {"status":"CREATED","labels":{"deployment-tool":"cli-firebase"}}
[debug] [2024-10-29T11:12:14.035Z] <<< [apiv2][status] POST https://firebasehosting.googleapis.com/v1beta1/projects/-/sites/filip-portfolio-website/versions 200
[debug] [2024-10-29T11:12:14.035Z] <<< [apiv2][body] POST https://firebasehosting.googleapis.com/v1beta1/projects/-/sites/filip-portfolio-website/versions {"name":"projects/730552061318/sites/filip-portfolio-website/versions/44206d5f2f74d9da","status":"CREATED","config":{},"labels":{"deployment-tool":"cli-firebase"}}
[debug] [2024-10-29T11:12:14.036Z] Checked if tokens are valid: true, expires at: 1730203431259
[debug] [2024-10-29T11:12:14.036Z] Checked if tokens are valid: true, expires at: 1730203431259
[debug] [2024-10-29T11:12:14.036Z] >>> [apiv2][query] GET https://cloudbilling.googleapis.com/v1/projects/filip-portfolio-website/billingInfo [none]
[debug] [2024-10-29T11:12:14.118Z] <<< [apiv2][status] GET https://cloudbilling.googleapis.com/v1/projects/filip-portfolio-website/billingInfo 200
[debug] [2024-10-29T11:12:14.118Z] <<< [apiv2][body] GET https://cloudbilling.googleapis.com/v1/projects/filip-portfolio-website/billingInfo {"name":"projects/filip-portfolio-website/billingInfo","projectId":"filip-portfolio-website","billingAccountName":"billingAccounts/01F5E9-33F3A1-7F3C66","billingEnabled":true}
[info] i  dataconnect: ensuring required API firebasedataconnect.googleapis.com is enabled... 
[debug] [2024-10-29T11:12:14.119Z] Checked if tokens are valid: true, expires at: 1730203431259
[debug] [2024-10-29T11:12:14.119Z] Checked if tokens are valid: true, expires at: 1730203431259
[debug] [2024-10-29T11:12:14.119Z] >>> [apiv2][query] GET https://serviceusage.googleapis.com/v1/projects/filip-portfolio-website/services/firebasedataconnect.googleapis.com [none]
[debug] [2024-10-29T11:12:14.119Z] >>> [apiv2][(partial)header] GET https://serviceusage.googleapis.com/v1/projects/filip-portfolio-website/services/firebasedataconnect.googleapis.com x-goog-quota-user=projects/filip-portfolio-website
[debug] [2024-10-29T11:12:14.229Z] <<< [apiv2][status] GET https://serviceusage.googleapis.com/v1/projects/filip-portfolio-website/services/firebasedataconnect.googleapis.com 200
[debug] [2024-10-29T11:12:14.230Z] <<< [apiv2][body] GET https://serviceusage.googleapis.com/v1/projects/filip-portfolio-website/services/firebasedataconnect.googleapis.com [omitted]
[warn] ⚠  dataconnect: missing required API firebasedataconnect.googleapis.com. Enabling now... 
[debug] [2024-10-29T11:12:14.231Z] Checked if tokens are valid: true, expires at: 1730203431259
[debug] [2024-10-29T11:12:14.231Z] Checked if tokens are valid: true, expires at: 1730203431259
[debug] [2024-10-29T11:12:14.231Z] >>> [apiv2][query] POST https://serviceusage.googleapis.com/v1/projects/filip-portfolio-website/services/firebasedataconnect.googleapis.com:enable [none]
[debug] [2024-10-29T11:12:14.231Z] >>> [apiv2][(partial)header] POST https://serviceusage.googleapis.com/v1/projects/filip-portfolio-website/services/firebasedataconnect.googleapis.com:enable x-goog-quota-user=projects/filip-portfolio-website
[debug] [2024-10-29T11:12:14.419Z] <<< [apiv2][status] POST https://serviceusage.googleapis.com/v1/projects/filip-portfolio-website/services/firebasedataconnect.googleapis.com:enable 200
[debug] [2024-10-29T11:12:14.419Z] <<< [apiv2][body] POST https://serviceusage.googleapis.com/v1/projects/filip-portfolio-website/services/firebasedataconnect.googleapis.com:enable [omitted]
[debug] [2024-10-29T11:12:24.424Z] Checked if tokens are valid: true, expires at: 1730203431259
[debug] [2024-10-29T11:12:24.424Z] Checked if tokens are valid: true, expires at: 1730203431259
[debug] [2024-10-29T11:12:24.425Z] >>> [apiv2][query] GET https://serviceusage.googleapis.com/v1/projects/filip-portfolio-website/services/firebasedataconnect.googleapis.com [none]
[debug] [2024-10-29T11:12:24.425Z] >>> [apiv2][(partial)header] GET https://serviceusage.googleapis.com/v1/projects/filip-portfolio-website/services/firebasedataconnect.googleapis.com x-goog-quota-user=projects/filip-portfolio-website
[debug] [2024-10-29T11:12:24.542Z] <<< [apiv2][status] GET https://serviceusage.googleapis.com/v1/projects/filip-portfolio-website/services/firebasedataconnect.googleapis.com 200
[debug] [2024-10-29T11:12:24.542Z] <<< [apiv2][body] GET https://serviceusage.googleapis.com/v1/projects/filip-portfolio-website/services/firebasedataconnect.googleapis.com [omitted]
[info] ✔  dataconnect: required API firebasedataconnect.googleapis.com is enabled 
[info] i  dataconnect: ensuring required API sqladmin.googleapis.com is enabled... 
[debug] [2024-10-29T11:12:24.544Z] Checked if tokens are valid: true, expires at: 1730203431259
[debug] [2024-10-29T11:12:24.544Z] Checked if tokens are valid: true, expires at: 1730203431259
[debug] [2024-10-29T11:12:24.544Z] >>> [apiv2][query] GET https://serviceusage.googleapis.com/v1/projects/filip-portfolio-website/services/sqladmin.googleapis.com [none]
[debug] [2024-10-29T11:12:24.544Z] >>> [apiv2][(partial)header] GET https://serviceusage.googleapis.com/v1/projects/filip-portfolio-website/services/sqladmin.googleapis.com x-goog-quota-user=projects/filip-portfolio-website
[debug] [2024-10-29T11:12:24.651Z] <<< [apiv2][status] GET https://serviceusage.googleapis.com/v1/projects/filip-portfolio-website/services/sqladmin.googleapis.com 200
[debug] [2024-10-29T11:12:24.651Z] <<< [apiv2][body] GET https://serviceusage.googleapis.com/v1/projects/filip-portfolio-website/services/sqladmin.googleapis.com [omitted]
[info] ✔  dataconnect: required API sqladmin.googleapis.com is enabled 
[info] i  dataconnect: ensuring required API compute.googleapis.com is enabled... 
[debug] [2024-10-29T11:12:24.651Z] Checked if tokens are valid: true, expires at: 1730203431259
[debug] [2024-10-29T11:12:24.652Z] Checked if tokens are valid: true, expires at: 1730203431259
[debug] [2024-10-29T11:12:24.652Z] >>> [apiv2][query] GET https://serviceusage.googleapis.com/v1/projects/filip-portfolio-website/services/compute.googleapis.com [none]
[debug] [2024-10-29T11:12:24.652Z] >>> [apiv2][(partial)header] GET https://serviceusage.googleapis.com/v1/projects/filip-portfolio-website/services/compute.googleapis.com x-goog-quota-user=projects/filip-portfolio-website
[debug] [2024-10-29T11:12:25.141Z] <<< [apiv2][status] GET https://serviceusage.googleapis.com/v1/projects/filip-portfolio-website/services/compute.googleapis.com 200
[debug] [2024-10-29T11:12:25.141Z] <<< [apiv2][body] GET https://serviceusage.googleapis.com/v1/projects/filip-portfolio-website/services/compute.googleapis.com [omitted]
[warn] ⚠  dataconnect: missing required API compute.googleapis.com. Enabling now... 
[debug] [2024-10-29T11:12:25.141Z] Checked if tokens are valid: true, expires at: 1730203431259
[debug] [2024-10-29T11:12:25.141Z] Checked if tokens are valid: true, expires at: 1730203431259
[debug] [2024-10-29T11:12:25.142Z] >>> [apiv2][query] POST https://serviceusage.googleapis.com/v1/projects/filip-portfolio-website/services/compute.googleapis.com:enable [none]
[debug] [2024-10-29T11:12:25.142Z] >>> [apiv2][(partial)header] POST https://serviceusage.googleapis.com/v1/projects/filip-portfolio-website/services/compute.googleapis.com:enable x-goog-quota-user=projects/filip-portfolio-website
[debug] [2024-10-29T11:12:25.524Z] <<< [apiv2][status] POST https://serviceusage.googleapis.com/v1/projects/filip-portfolio-website/services/compute.googleapis.com:enable 200
[debug] [2024-10-29T11:12:25.524Z] <<< [apiv2][body] POST https://serviceusage.googleapis.com/v1/projects/filip-portfolio-website/services/compute.googleapis.com:enable [omitted]
[debug] [2024-10-29T11:12:35.529Z] Checked if tokens are valid: true, expires at: 1730203431259
[debug] [2024-10-29T11:12:35.530Z] Checked if tokens are valid: true, expires at: 1730203431259
[debug] [2024-10-29T11:12:35.530Z] >>> [apiv2][query] GET https://serviceusage.googleapis.com/v1/projects/filip-portfolio-website/services/compute.googleapis.com [none]
[debug] [2024-10-29T11:12:35.530Z] >>> [apiv2][(partial)header] GET https://serviceusage.googleapis.com/v1/projects/filip-portfolio-website/services/compute.googleapis.com x-goog-quota-user=projects/filip-portfolio-website
[debug] [2024-10-29T11:12:35.927Z] <<< [apiv2][status] GET https://serviceusage.googleapis.com/v1/projects/filip-portfolio-website/services/compute.googleapis.com 200
[debug] [2024-10-29T11:12:35.927Z] <<< [apiv2][body] GET https://serviceusage.googleapis.com/v1/projects/filip-portfolio-website/services/compute.googleapis.com [omitted]
[info] i  dataconnect: waiting for API compute.googleapis.com to activate... 
[debug] [2024-10-29T11:12:45.928Z] Checked if tokens are valid: true, expires at: 1730203431259
[debug] [2024-10-29T11:12:45.928Z] Checked if tokens are valid: true, expires at: 1730203431259
[debug] [2024-10-29T11:12:45.928Z] >>> [apiv2][query] GET https://serviceusage.googleapis.com/v1/projects/filip-portfolio-website/services/compute.googleapis.com [none]
[debug] [2024-10-29T11:12:45.928Z] >>> [apiv2][(partial)header] GET https://serviceusage.googleapis.com/v1/projects/filip-portfolio-website/services/compute.googleapis.com x-goog-quota-user=projects/filip-portfolio-website
[debug] [2024-10-29T11:12:46.649Z] <<< [apiv2][status] GET https://serviceusage.googleapis.com/v1/projects/filip-portfolio-website/services/compute.googleapis.com 200
[debug] [2024-10-29T11:12:46.651Z] <<< [apiv2][body] GET https://serviceusage.googleapis.com/v1/projects/filip-portfolio-website/services/compute.googleapis.com [omitted]
[info] i  dataconnect: waiting for API compute.googleapis.com to activate... 
[debug] [2024-10-29T11:12:56.656Z] Checked if tokens are valid: true, expires at: 1730203431259
[debug] [2024-10-29T11:12:56.657Z] Checked if tokens are valid: true, expires at: 1730203431259
[debug] [2024-10-29T11:12:56.657Z] >>> [apiv2][query] GET https://serviceusage.googleapis.com/v1/projects/filip-portfolio-website/services/compute.googleapis.com [none]
[debug] [2024-10-29T11:12:56.657Z] >>> [apiv2][(partial)header] GET https://serviceusage.googleapis.com/v1/projects/filip-portfolio-website/services/compute.googleapis.com x-goog-quota-user=projects/filip-portfolio-website
[debug] [2024-10-29T11:12:57.159Z] <<< [apiv2][status] GET https://serviceusage.googleapis.com/v1/projects/filip-portfolio-website/services/compute.googleapis.com 200
[debug] [2024-10-29T11:12:57.159Z] <<< [apiv2][body] GET https://serviceusage.googleapis.com/v1/projects/filip-portfolio-website/services/compute.googleapis.com [omitted]
[info] i  dataconnect: waiting for API compute.googleapis.com to activate... 
[debug] [2024-10-29T11:13:07.164Z] Checked if tokens are valid: true, expires at: 1730203431259
[debug] [2024-10-29T11:13:07.164Z] Checked if tokens are valid: true, expires at: 1730203431259
[debug] [2024-10-29T11:13:07.165Z] >>> [apiv2][query] GET https://serviceusage.googleapis.com/v1/projects/filip-portfolio-website/services/compute.googleapis.com [none]
[debug] [2024-10-29T11:13:07.165Z] >>> [apiv2][(partial)header] GET https://serviceusage.googleapis.com/v1/projects/filip-portfolio-website/services/compute.googleapis.com x-goog-quota-user=projects/filip-portfolio-website
[debug] [2024-10-29T11:13:07.395Z] <<< [apiv2][status] GET https://serviceusage.googleapis.com/v1/projects/filip-portfolio-website/services/compute.googleapis.com 200
[debug] [2024-10-29T11:13:07.395Z] <<< [apiv2][body] GET https://serviceusage.googleapis.com/v1/projects/filip-portfolio-website/services/compute.googleapis.com [omitted]
[info] i  dataconnect: waiting for API compute.googleapis.com to activate... 
[debug] [2024-10-29T11:13:17.403Z] Checked if tokens are valid: true, expires at: 1730203431259
[debug] [2024-10-29T11:13:17.403Z] Checked if tokens are valid: true, expires at: 1730203431259
[debug] [2024-10-29T11:13:17.403Z] >>> [apiv2][query] GET https://serviceusage.googleapis.com/v1/projects/filip-portfolio-website/services/compute.googleapis.com [none]
[debug] [2024-10-29T11:13:17.403Z] >>> [apiv2][(partial)header] GET https://serviceusage.googleapis.com/v1/projects/filip-portfolio-website/services/compute.googleapis.com x-goog-quota-user=projects/filip-portfolio-website
[debug] [2024-10-29T11:13:17.709Z] <<< [apiv2][status] GET https://serviceusage.googleapis.com/v1/projects/filip-portfolio-website/services/compute.googleapis.com 200
[debug] [2024-10-29T11:13:17.709Z] <<< [apiv2][body] GET https://serviceusage.googleapis.com/v1/projects/filip-portfolio-website/services/compute.googleapis.com [omitted]
[info] i  dataconnect: waiting for API compute.googleapis.com to activate... 
[debug] [2024-10-29T11:13:27.716Z] Checked if tokens are valid: true, expires at: 1730203431259
[debug] [2024-10-29T11:13:27.716Z] Checked if tokens are valid: true, expires at: 1730203431259
[debug] [2024-10-29T11:13:27.716Z] >>> [apiv2][query] GET https://serviceusage.googleapis.com/v1/projects/filip-portfolio-website/services/compute.googleapis.com [none]
[debug] [2024-10-29T11:13:27.717Z] >>> [apiv2][(partial)header] GET https://serviceusage.googleapis.com/v1/projects/filip-portfolio-website/services/compute.googleapis.com x-goog-quota-user=projects/filip-portfolio-website
[debug] [2024-10-29T11:13:28.051Z] <<< [apiv2][status] GET https://serviceusage.googleapis.com/v1/projects/filip-portfolio-website/services/compute.googleapis.com 200
[debug] [2024-10-29T11:13:28.052Z] <<< [apiv2][body] GET https://serviceusage.googleapis.com/v1/projects/filip-portfolio-website/services/compute.googleapis.com [omitted]
[info] i  dataconnect: waiting for API compute.googleapis.com to activate... 
[debug] [2024-10-29T11:13:38.057Z] Checked if tokens are valid: true, expires at: 1730203431259
[debug] [2024-10-29T11:13:38.057Z] Checked if tokens are valid: true, expires at: 1730203431259
[debug] [2024-10-29T11:13:38.057Z] >>> [apiv2][query] GET https://serviceusage.googleapis.com/v1/projects/filip-portfolio-website/services/compute.googleapis.com [none]
[debug] [2024-10-29T11:13:38.057Z] >>> [apiv2][(partial)header] GET https://serviceusage.googleapis.com/v1/projects/filip-portfolio-website/services/compute.googleapis.com x-goog-quota-user=projects/filip-portfolio-website
[debug] [2024-10-29T11:13:38.250Z] <<< [apiv2][status] GET https://serviceusage.googleapis.com/v1/projects/filip-portfolio-website/services/compute.googleapis.com 200
[debug] [2024-10-29T11:13:38.251Z] <<< [apiv2][body] GET https://serviceusage.googleapis.com/v1/projects/filip-portfolio-website/services/compute.googleapis.com [omitted]
[info] ✔  dataconnect: required API compute.googleapis.com is enabled 
[debug] [2024-10-29T11:13:38.259Z] Checked if tokens are valid: true, expires at: 1730203431259
[debug] [2024-10-29T11:13:38.259Z] Checked if tokens are valid: true, expires at: 1730203431259
[debug] [2024-10-29T11:13:38.259Z] >>> [apiv2][query] GET https://mobilesdk-pa.googleapis.com/v1/accessmanagement/tos:getStatus [none]
[debug] [2024-10-29T11:13:38.332Z] <<< [apiv2][status] GET https://mobilesdk-pa.googleapis.com/v1/accessmanagement/tos:getStatus 200
[debug] [2024-10-29T11:13:38.332Z] <<< [apiv2][body] GET https://mobilesdk-pa.googleapis.com/v1/accessmanagement/tos:getStatus {"overallStatus":"ACCEPTED","uTosStatus":{"tos":{"id":"firebase","tosId":"FIREBASE_UNIVERSAL"},"status":"ACCEPTED"},"childTosStatus":[{"tos":{"id":"cloud","tosId":"CLOUD_PLATFORM"},"status":"ACCEPTED"},{"tos":{"id":"firebase_b2b","tosId":"FIREBASE_B2B"},"status":"ACCEPTED"},{"tos":{"id":"universal","tosId":"GOOGLE_APIS"},"status":"ACCEPTED"}],"termsUrl":"https://firebase.google.com/terms","perServiceStatus":[{"tosId":"APP_CHECK","serviceStatus":{"tos":{"id":"app_check","tosId":"APP_CHECK"},"status":"ACCEPTED"}},{"tosId":"APP_HOSTING_TOS","serviceStatus":{"tos":{"id":"app_hosting","tosId":"APP_HOSTING_TOS"},"status":"ACCEPTED"}},{"tosId":"APP_HOSTING_TOS","serviceStatus":{"tos":{"id":"app_hosting","tosId":"APP_HOSTING_TOS"},"status":"ACCEPTED"}},{"tosId":"CORE_APPS","serviceStatus":{"tos":{"id":"core_apps","tosId":"CORE_APPS"},"status":"ACCEPTED"}},{"tosId":"VERTEX_AI_IN_FIREBASE","serviceStatus":{"tos":{"id":"vertex_ai_in_firebase","tosId":"VERTEX_AI_IN_FIREBASE"},"status":"TERMS_UPDATED"}},{"tosId":"FIREBASE_CRASHLYTICS_APP_DISTRIBUTION","serviceStatus":{"tos":{"id":"firebase_crashlytics_app_distribution","tosId":"FIREBASE_CRASHLYTICS_APP_DISTRIBUTION"},"status":"ACCEPTED"}},{"tosId":"GENERATIVE_LANGUAGE","serviceStatus":{"tos":{"id":"generative-language-api","tosId":"GENERATIVE_LANGUAGE"},"status":"NEVER_ACCEPTED"}},{"tosId":"FIREBASE_DATA_CONNECT","serviceStatus":{"tos":{"id":"data_connect","tosId":"FIREBASE_DATA_CONNECT"},"status":"ACCEPTED"}}]}
[info] i  dataconnect: Preparing to deploy 
[debug] [2024-10-29T11:13:38.417Z] I1029 11:13:38.406057   12219 control.go:45] [engine.Service /emulator/filipkufner 5128] UpdateSchema(): done sources: schema/schema.gql [1384B] 
I1029 11:13:38.413804   12219 control.go:73] [engine.Service /emulator/filipkufner 5128] UpdateConnector(default): done sources: connector/mutations.gql [1163B] connector/queries.gql [1855B] 
 {"metadata":{"emulator":{"name":"dataconnect"},"message":"I1029 11:13:38.406057   12219 control.go:45] [engine.Service /emulator/filipkufner 5128] UpdateSchema(): done sources: schema/schema.gql [1384B] \nI1029 11:13:38.413804   12219 control.go:73] [engine.Service /emulator/filipkufner 5128] UpdateConnector(default): done sources: connector/mutations.gql [1163B] connector/queries.gql [1855B] \n"}}
[info] i  dataconnect: Successfully prepared schema and connectors 
[debug] [2024-10-29T11:13:38.418Z] {
  "serviceInfos": [
    {
      "serviceName": "projects/filip-portfolio-website/locations/us-central1/services/filipkufner",
      "sourceDirectory": "/home/runner/filipkufner/dataconnect",
      "schema": {
        "name": "projects/filip-portfolio-website/locations/us-central1/services/filipkufner/schemas/main",
        "datasources": [
          {
            "postgresql": {
              "database": "fdcdb",
              "cloudSql": {
                "instance": "projects/filip-portfolio-website/locations/us-central1/instances/filipkufner-fdc"
              }
            }
          }
        ],
        "source": {
          "files": [
            {
              "path": "schema.gql",
              "content": "# # Example schema for simple movie review app\n\n# # Users\n# # Suppose a user can leave reviews for movies\n# # user  -> reviews is a one to many relationship,\n# # movie -> reviews is a one to many relationship\n# # movie <-> user is a many to many relationship\n# type User @table {\n#   id: String! @col(name: \"user_auth\")\n#   username: String! @col(name: \"username\", dataType: \"varchar(50)\")\n#   # The following are generated by the user: User! field in the Review table\n#   # reviews_on_user \n#   # movies_via_Review\n# }\n\n# # Movies\n# type Movie @table {\n#   # The below parameter values are generated by default with @table, and can be edited manually.\n#   # implies directive `@col(name: \"movie_id\")`, generating a column name\n#   id: UUID! @default(expr: \"uuidV4()\")\n#   title: String!\n#   imageUrl: String!\n#   genre: String\n# }\n\n# # Movie Metadata\n# # Movie - MovieMetadata is a one-to-one relationship\n# type MovieMetadata @table {\n#   # @unique indicates a 1-1 relationship\n#   movie: Movie! @unique \n#   # movieId: UUID <- this is created by the above reference\n#   rating: Float\n#   releaseYear: Int\n#   description: String\n# }\n\n# # Reviews\n# type Review @table(name: \"Reviews\", key: [\"movie\", \"user\"]) {\n#   id: UUID! @default(expr: \"uuidV4()\")\n#   user: User!\n#   movie: Movie!\n#   rating: Int\n#   reviewText: String\n#   reviewDate: Date! @default(expr: \"request.time\")\n# }\n"
            }
          ]
        }
      },
      "dataConnectYaml": {
        "specVersion": "v1beta",
        "serviceId": "filipkufner",
        "location": "us-central1",
        "schema": {
          "source": "./schema",
          "datasource": {
            "postgresql": {
              "database": "fdcdb",
              "cloudSql": {
                "instanceId": "filipkufner-fdc"
              }
            }
          }
        },
        "connectorDirs": [
          "./connector"
        ]
      },
      "connectorInfo": [
        {
          "directory": "/home/runner/filipkufner/dataconnect/connector",
          "connectorYaml": {
            "connectorId": "default",
            "generate": {
              "javascriptSdk": {
                "outputDir": "../../dataconnect-generated/js/default-connector",
                "package": "@firebasegen/default-connector",
                "packageJsonDir": "../.."
              }
            }
          },
          "connector": {
            "name": "projects/filip-portfolio-website/locations/us-central1/services/filipkufner/connectors/default",
            "source": {
              "files": [
                {
                  "path": "mutations.gql",
                  "content": "# # Example mutations for a simple movie app\n\n# # Create a movie based on user input\n# mutation CreateMovie(\n#   $title: String!\n#   $genre: String!\n#   $imageUrl: String!\n# ) @auth(level: USER_EMAIL_VERIFIED) {\n#   movie_insert(\n#     data: {\n#       title: $title\n#       genre: $genre\n#       imageUrl: $imageUrl\n#     }\n#   )\n# }\n\n# # Upsert (update or insert) a user's username based on their auth.uid\n# mutation UpsertUser($username: String!) @auth(level: USER) {\n#   user_upsert(\n#     data: {\n#       id_expr: \"auth.uid\"\n#       username: $username\n#     }\n#   )\n# }\n\n# # Add a review for a movie\n# mutation AddReview(\n#   $movieId: UUID!\n#   $rating: Int!\n#   $reviewText: String!\n# ) @auth(level: USER) {\n#   review_upsert(\n#     data: {\n#       userId_expr: \"auth.uid\"\n#       movieId: $movieId\n#       rating: $rating\n#       reviewText: $reviewText\n#       # reviewDate defaults to today in the schema. No need to set it manually.\n#     }\n#   )\n# }\n\n# # Logged in user can delete their review for a movie\n# mutation DeleteReview(\n#   $movieId: UUID!\n# ) @auth(level: USER) {\n#   review_delete(key: { userId_expr: \"auth.uid\", movieId: $movieId })\n# }\n"
                },
                {
                  "path": "queries.gql",
                  "content": "# # Example queries for a simple movie app.\n\n# # @auth() directives control who can call each operation.\n# # Anyone should be able to list all movies, so the auth level is set to PUBLIC\n# query ListMovies @auth(level: PUBLIC) {\n#   movies {\n#     id\n#     title\n#     imageUrl\n#     genre\n#   }\n# }\n\n# # List all users, only admins should be able to list all users, so we use NO_ACCESS\n# query ListUsers @auth(level: NO_ACCESS) {\n#   users { id, username }\n# }\n\n# # Logged in user can list all their reviews and movie titles associated with the review \n# # Since the query requires the uid of the current authenticated user, the auth level is set to USER\n# query ListUserReviews @auth(level: USER) {\n#   user(key: {id_expr: \"auth.uid\"}) {\n#     id\n#     username\n#     # <field>_on_<foreign_key_field> makes it easy to grab info from another table\n#     # Here, we use it to grab all the reviews written by the user.\n#     reviews: reviews_on_user {\n#       id\n#       rating\n#       reviewDate\n#       reviewText\n#       movie {\n#         id\n#         title\n#       }\n#     }\n#   }\n# }\n\n# # Get movie by id\n# query GetMovieById($id: UUID!) @auth(level: PUBLIC) {\n#   movie(id: $id) {\n#     id\n#     title\n#     imageUrl\n#     genre\n#     metadata: movieMetadata_on_movie {\n#       rating\n#       releaseYear\n#       description\n#     }\n#     reviews: reviews_on_movie {\n#       id\n#       reviewText\n#       reviewDate\n#       rating\n#       user {\n#         id\n#         username\n#       }\n#     }\n#   }\n# }\n\n# # Search for movies, actors, and reviews\n# query SearchMovie(\n#   $titleInput: String\n#   $genre: String\n# ) @auth(level: PUBLIC) {\n#   movies(\n#     where: {\n#       _and: [\n#         { genre: { eq: $genre } }\n#         { title: { contains: $titleInput } }\n#       ]\n#     }\n#   ) {\n#     id\n#     title\n#     genre\n#     imageUrl\n#   }\n# }\n"
                }
              ]
            }
          }
        }
      ],
      "deploymentMetadata": {
        "primaryDataSource": {
          "postgres": {
            "requiredExtensions": null
          }
        }
      }
    }
  ]
}
[debug] [2024-10-29T11:13:38.424Z] Checked if tokens are valid: true, expires at: 1730203431259
[debug] [2024-10-29T11:13:38.424Z] Checked if tokens are valid: true, expires at: 1730203431259
[debug] [2024-10-29T11:13:38.425Z] >>> [apiv2][query] GET https://firebaserules.googleapis.com/v1/projects/filip-portfolio-website/releases pageSize=10&pageToken=
[debug] [2024-10-29T11:13:38.486Z] <<< [apiv2][status] GET https://firebaserules.googleapis.com/v1/projects/filip-portfolio-website/releases 200
[debug] [2024-10-29T11:13:38.486Z] <<< [apiv2][body] GET https://firebaserules.googleapis.com/v1/projects/filip-portfolio-website/releases {"releases":[{"name":"projects/filip-portfolio-website/releases/cloud.firestore","rulesetName":"projects/filip-portfolio-website/rulesets/aa5bdf79-ba4e-4d80-af3a-382e5b495c3b","createTime":"2024-10-28T21:58:12.664742Z","updateTime":"2024-10-28T22:21:50.928324Z"},{"name":"projects/filip-portfolio-website/releases/firebase.storage/filip-portfolio-website.appspot.com","rulesetName":"projects/filip-portfolio-website/rulesets/7301b438-45e0-4b99-a7cb-8fcd99142ca0","createTime":"2024-10-28T22:22:57.376492Z","updateTime":"2024-10-28T22:23:25.738490Z"}]}
[debug] [2024-10-29T11:13:38.494Z] Checked if tokens are valid: true, expires at: 1730203431259
[debug] [2024-10-29T11:13:38.494Z] Checked if tokens are valid: true, expires at: 1730203431259
[debug] [2024-10-29T11:13:38.494Z] >>> [apiv2][query] GET https://firebaserules.googleapis.com/v1/projects/filip-portfolio-website/rulesets/7301b438-45e0-4b99-a7cb-8fcd99142ca0 [none]
[debug] [2024-10-29T11:13:38.535Z] <<< [apiv2][status] GET https://firebaserules.googleapis.com/v1/projects/filip-portfolio-website/rulesets/7301b438-45e0-4b99-a7cb-8fcd99142ca0 200
[debug] [2024-10-29T11:13:38.536Z] <<< [apiv2][body] GET https://firebaserules.googleapis.com/v1/projects/filip-portfolio-website/rulesets/7301b438-45e0-4b99-a7cb-8fcd99142ca0 [omitted]
[debug] [2024-10-29T11:13:38.537Z] Checked if tokens are valid: true, expires at: 1730203431259
[debug] [2024-10-29T11:13:38.537Z] Checked if tokens are valid: true, expires at: 1730203431259
[debug] [2024-10-29T11:13:38.537Z] >>> [apiv2][query] GET https://firebase.googleapis.com/v1beta1/projects/filip-portfolio-website [none]
[debug] [2024-10-29T11:13:38.651Z] <<< [apiv2][status] GET https://firebase.googleapis.com/v1beta1/projects/filip-portfolio-website 200
[debug] [2024-10-29T11:13:38.652Z] <<< [apiv2][body] GET https://firebase.googleapis.com/v1beta1/projects/filip-portfolio-website {"projectId":"filip-portfolio-website","projectNumber":"730552061318","displayName":"Filip-Portfolio-Website","name":"projects/filip-portfolio-website","resources":{"hostingSite":"filip-portfolio-website","storageBucket":"filip-portfolio-website.appspot.com","locationId":"europe-west"},"state":"ACTIVE","etag":"1_c58bc92e-98ae-4f40-abd8-e069cb4ffb9f"}
[debug] [2024-10-29T11:13:38.652Z] Checked if tokens are valid: true, expires at: 1730203431259
[debug] [2024-10-29T11:13:38.652Z] Checked if tokens are valid: true, expires at: 1730203431259
[debug] [2024-10-29T11:13:38.652Z] >>> [apiv2][query] POST https://cloudresourcemanager.googleapis.com/v1/projects/730552061318:getIamPolicy [none]
[debug] [2024-10-29T11:13:38.834Z] <<< [apiv2][status] POST https://cloudresourcemanager.googleapis.com/v1/projects/730552061318:getIamPolicy 200
[debug] [2024-10-29T11:13:38.834Z] <<< [apiv2][body] POST https://cloudresourcemanager.googleapis.com/v1/projects/730552061318:getIamPolicy {"version":1,"etag":"BwYlm6k6AOE=","bindings":[{"role":"roles/cloudfunctions.developer","members":["serviceAccount:github-action-861818256@filip-portfolio-website.iam.gserviceaccount.com"]},{"role":"roles/compute.serviceAgent","members":["serviceAccount:service-730552061318@compute-system.iam.gserviceaccount.com"]},{"role":"roles/editor","members":["serviceAccount:730552061318-compute@developer.gserviceaccount.com","serviceAccount:730552061318@cloudservices.gserviceaccount.com","serviceAccount:filip-portfolio-website@appspot.gserviceaccount.com"]},{"role":"roles/firebase.managementServiceAgent","members":["serviceAccount:firebase-service-account@firebase-sa-management.iam.gserviceaccount.com","serviceAccount:service-730552061318@gcp-sa-firebase.iam.gserviceaccount.com"]},{"role":"roles/firebase.sdkAdminServiceAgent","members":["serviceAccount:firebase-adminsdk-vv7mz@filip-portfolio-website.iam.gserviceaccount.com"]},{"role":"roles/firebaseauth.admin","members":["serviceAccount:firebase-adminsdk-vv7mz@filip-portfolio-website.iam.gserviceaccount.com","serviceAccount:github-action-861818256@filip-portfolio-website.iam.gserviceaccount.com"]},{"role":"roles/firebasehosting.admin","members":["serviceAccount:github-action-861818256@filip-portfolio-website.iam.gserviceaccount.com"]},{"role":"roles/firebaserules.system","members":["serviceAccount:service-730552061318@firebase-rules.iam.gserviceaccount.com"]},{"role":"roles/firebasestorage.serviceAgent","members":["serviceAccount:service-730552061318@gcp-sa-firebasestorage.iam.gserviceaccount.com"]},{"role":"roles/firestore.serviceAgent","members":["serviceAccount:service-730552061318@gcp-sa-firestore.iam.gserviceaccount.com"]},{"role":"roles/iam.serviceAccountTokenCreator","members":["serviceAccount:firebase-adminsdk-vv7mz@filip-portfolio-website.iam.gserviceaccount.com"]},{"role":"roles/owner","members":["user:davidveli2000@hotmail.com"]},{"role":"roles/run.viewer","members":["serviceAccount:github-action-861818256@filip-portfolio-website.iam.gserviceaccount.com"]},{"role":"roles/serviceusage.apiKeysViewer","members":["serviceAccount:github-action-861818256@filip-portfolio-website.iam.gserviceaccount.com"]},{"role":"roles/serviceusage.serviceUsageConsumer","members":["serviceAccount:github-action-861818256@filip-portfolio-website.iam.gserviceaccount.com"]},{"role":"roles/storage.admin","members":["serviceAccount:firebase-adminsdk-vv7mz@filip-portfolio-website.iam.gserviceaccount.com"]}]}
[debug] [2024-10-29T11:13:46.554Z] Checked if tokens are valid: true, expires at: 1730203431259
[debug] [2024-10-29T11:13:46.554Z] Checked if tokens are valid: true, expires at: 1730203431259
[debug] [2024-10-29T11:13:46.554Z] >>> [apiv2][query] POST https://cloudresourcemanager.googleapis.com/v1/projects/730552061318:getIamPolicy [none]
[debug] [2024-10-29T11:13:46.725Z] <<< [apiv2][status] POST https://cloudresourcemanager.googleapis.com/v1/projects/730552061318:getIamPolicy 200
[debug] [2024-10-29T11:13:46.725Z] <<< [apiv2][body] POST https://cloudresourcemanager.googleapis.com/v1/projects/730552061318:getIamPolicy {"version":1,"etag":"BwYlm6k6AOE=","bindings":[{"role":"roles/cloudfunctions.developer","members":["serviceAccount:github-action-861818256@filip-portfolio-website.iam.gserviceaccount.com"]},{"role":"roles/compute.serviceAgent","members":["serviceAccount:service-730552061318@compute-system.iam.gserviceaccount.com"]},{"role":"roles/editor","members":["serviceAccount:730552061318-compute@developer.gserviceaccount.com","serviceAccount:730552061318@cloudservices.gserviceaccount.com","serviceAccount:filip-portfolio-website@appspot.gserviceaccount.com"]},{"role":"roles/firebase.managementServiceAgent","members":["serviceAccount:firebase-service-account@firebase-sa-management.iam.gserviceaccount.com","serviceAccount:service-730552061318@gcp-sa-firebase.iam.gserviceaccount.com"]},{"role":"roles/firebase.sdkAdminServiceAgent","members":["serviceAccount:firebase-adminsdk-vv7mz@filip-portfolio-website.iam.gserviceaccount.com"]},{"role":"roles/firebaseauth.admin","members":["serviceAccount:firebase-adminsdk-vv7mz@filip-portfolio-website.iam.gserviceaccount.com","serviceAccount:github-action-861818256@filip-portfolio-website.iam.gserviceaccount.com"]},{"role":"roles/firebasehosting.admin","members":["serviceAccount:github-action-861818256@filip-portfolio-website.iam.gserviceaccount.com"]},{"role":"roles/firebaserules.system","members":["serviceAccount:service-730552061318@firebase-rules.iam.gserviceaccount.com"]},{"role":"roles/firebasestorage.serviceAgent","members":["serviceAccount:service-730552061318@gcp-sa-firebasestorage.iam.gserviceaccount.com"]},{"role":"roles/firestore.serviceAgent","members":["serviceAccount:service-730552061318@gcp-sa-firestore.iam.gserviceaccount.com"]},{"role":"roles/iam.serviceAccountTokenCreator","members":["serviceAccount:firebase-adminsdk-vv7mz@filip-portfolio-website.iam.gserviceaccount.com"]},{"role":"roles/owner","members":["user:davidveli2000@hotmail.com"]},{"role":"roles/run.viewer","members":["serviceAccount:github-action-861818256@filip-portfolio-website.iam.gserviceaccount.com"]},{"role":"roles/serviceusage.apiKeysViewer","members":["serviceAccount:github-action-861818256@filip-portfolio-website.iam.gserviceaccount.com"]},{"role":"roles/serviceusage.serviceUsageConsumer","members":["serviceAccount:github-action-861818256@filip-portfolio-website.iam.gserviceaccount.com"]},{"role":"roles/storage.admin","members":["serviceAccount:firebase-adminsdk-vv7mz@filip-portfolio-website.iam.gserviceaccount.com"]}]}
[debug] [2024-10-29T11:13:46.726Z] Checked if tokens are valid: true, expires at: 1730203431259
[debug] [2024-10-29T11:13:46.726Z] Checked if tokens are valid: true, expires at: 1730203431259
[debug] [2024-10-29T11:13:46.726Z] >>> [apiv2][query] POST https://cloudresourcemanager.googleapis.com/v1/projects/730552061318:setIamPolicy [none]
[debug] [2024-10-29T11:13:46.726Z] >>> [apiv2][body] POST https://cloudresourcemanager.googleapis.com/v1/projects/730552061318:setIamPolicy {"policy":{"version":1,"etag":"BwYlm6k6AOE=","bindings":[{"role":"roles/cloudfunctions.developer","members":["serviceAccount:github-action-861818256@filip-portfolio-website.iam.gserviceaccount.com"]},{"role":"roles/compute.serviceAgent","members":["serviceAccount:service-730552061318@compute-system.iam.gserviceaccount.com"]},{"role":"roles/editor","members":["serviceAccount:730552061318-compute@developer.gserviceaccount.com","serviceAccount:730552061318@cloudservices.gserviceaccount.com","serviceAccount:filip-portfolio-website@appspot.gserviceaccount.com"]},{"role":"roles/firebase.managementServiceAgent","members":["serviceAccount:firebase-service-account@firebase-sa-management.iam.gserviceaccount.com","serviceAccount:service-730552061318@gcp-sa-firebase.iam.gserviceaccount.com"]},{"role":"roles/firebase.sdkAdminServiceAgent","members":["serviceAccount:firebase-adminsdk-vv7mz@filip-portfolio-website.iam.gserviceaccount.com"]},{"role":"roles/firebaseauth.admin","members":["serviceAccount:firebase-adminsdk-vv7mz@filip-portfolio-website.iam.gserviceaccount.com","serviceAccount:github-action-861818256@filip-portfolio-website.iam.gserviceaccount.com"]},{"role":"roles/firebasehosting.admin","members":["serviceAccount:github-action-861818256@filip-portfolio-website.iam.gserviceaccount.com"]},{"role":"roles/firebaserules.system","members":["serviceAccount:service-730552061318@firebase-rules.iam.gserviceaccount.com"]},{"role":"roles/firebasestorage.serviceAgent","members":["serviceAccount:service-730552061318@gcp-sa-firebasestorage.iam.gserviceaccount.com"]},{"role":"roles/firestore.serviceAgent","members":["serviceAccount:service-730552061318@gcp-sa-firestore.iam.gserviceaccount.com"]},{"role":"roles/iam.serviceAccountTokenCreator","members":["serviceAccount:firebase-adminsdk-vv7mz@filip-portfolio-website.iam.gserviceaccount.com"]},{"role":"roles/owner","members":["user:davidveli2000@hotmail.com"]},{"role":"roles/run.viewer","members":["serviceAccount:github-action-861818256@filip-portfolio-website.iam.gserviceaccount.com"]},{"role":"roles/serviceusage.apiKeysViewer","members":["serviceAccount:github-action-861818256@filip-portfolio-website.iam.gserviceaccount.com"]},{"role":"roles/serviceusage.serviceUsageConsumer","members":["serviceAccount:github-action-861818256@filip-portfolio-website.iam.gserviceaccount.com"]},{"role":"roles/storage.admin","members":["serviceAccount:firebase-adminsdk-vv7mz@filip-portfolio-website.iam.gserviceaccount.com"]},{"role":"roles/firebaserules.firestoreServiceAgent","members":["serviceAccount:service-730552061318@gcp-sa-firebasestorage.iam.gserviceaccount.com"]}]},"updateMask":"bindings"}
[debug] [2024-10-29T11:13:47.195Z] <<< [apiv2][status] POST https://cloudresourcemanager.googleapis.com/v1/projects/730552061318:setIamPolicy 200
[debug] [2024-10-29T11:13:47.195Z] <<< [apiv2][body] POST https://cloudresourcemanager.googleapis.com/v1/projects/730552061318:setIamPolicy {"version":1,"etag":"BwYlm63aDhM=","bindings":[{"role":"roles/cloudfunctions.developer","members":["serviceAccount:github-action-861818256@filip-portfolio-website.iam.gserviceaccount.com"]},{"role":"roles/compute.serviceAgent","members":["serviceAccount:service-730552061318@compute-system.iam.gserviceaccount.com"]},{"role":"roles/editor","members":["serviceAccount:730552061318-compute@developer.gserviceaccount.com","serviceAccount:730552061318@cloudservices.gserviceaccount.com","serviceAccount:filip-portfolio-website@appspot.gserviceaccount.com"]},{"role":"roles/firebase.managementServiceAgent","members":["serviceAccount:firebase-service-account@firebase-sa-management.iam.gserviceaccount.com","serviceAccount:service-730552061318@gcp-sa-firebase.iam.gserviceaccount.com"]},{"role":"roles/firebase.sdkAdminServiceAgent","members":["serviceAccount:firebase-adminsdk-vv7mz@filip-portfolio-website.iam.gserviceaccount.com"]},{"role":"roles/firebaseauth.admin","members":["serviceAccount:firebase-adminsdk-vv7mz@filip-portfolio-website.iam.gserviceaccount.com","serviceAccount:github-action-861818256@filip-portfolio-website.iam.gserviceaccount.com"]},{"role":"roles/firebasehosting.admin","members":["serviceAccount:github-action-861818256@filip-portfolio-website.iam.gserviceaccount.com"]},{"role":"roles/firebaserules.firestoreServiceAgent","members":["serviceAccount:service-730552061318@gcp-sa-firebasestorage.iam.gserviceaccount.com"]},{"role":"roles/firebaserules.system","members":["serviceAccount:service-730552061318@firebase-rules.iam.gserviceaccount.com"]},{"role":"roles/firebasestorage.serviceAgent","members":["serviceAccount:service-730552061318@gcp-sa-firebasestorage.iam.gserviceaccount.com"]},{"role":"roles/firestore.serviceAgent","members":["serviceAccount:service-730552061318@gcp-sa-firestore.iam.gserviceaccount.com"]},{"role":"roles/iam.serviceAccountTokenCreator","members":["serviceAccount:firebase-adminsdk-vv7mz@filip-portfolio-website.iam.gserviceaccount.com"]},{"role":"roles/owner","members":["user:davidveli2000@hotmail.com"]},{"role":"roles/run.viewer","members":["serviceAccount:github-action-861818256@filip-portfolio-website.iam.gserviceaccount.com"]},{"role":"roles/serviceusage.apiKeysViewer","members":["serviceAccount:github-action-861818256@filip-portfolio-website.iam.gserviceaccount.com"]},{"role":"roles/serviceusage.serviceUsageConsumer","members":["serviceAccount:github-action-861818256@filip-portfolio-website.iam.gserviceaccount.com"]},{"role":"roles/storage.admin","members":["serviceAccount:firebase-adminsdk-vv7mz@filip-portfolio-website.iam.gserviceaccount.com"]}]}
[info] i  storage: updated service account for cross-service rules... 
[info] i  storage: uploading rules storage.rules... 
[debug] [2024-10-29T11:13:47.196Z] Checked if tokens are valid: true, expires at: 1730203431259
[debug] [2024-10-29T11:13:47.196Z] Checked if tokens are valid: true, expires at: 1730203431259
[debug] [2024-10-29T11:13:47.196Z] >>> [apiv2][query] POST https://firebaserules.googleapis.com/v1/projects/filip-portfolio-website/rulesets [none]
[debug] [2024-10-29T11:13:47.196Z] >>> [apiv2][body] POST https://firebaserules.googleapis.com/v1/projects/filip-portfolio-website/rulesets [omitted]
[debug] [2024-10-29T11:13:47.305Z] <<< [apiv2][status] POST https://firebaserules.googleapis.com/v1/projects/filip-portfolio-website/rulesets 200
[debug] [2024-10-29T11:13:47.306Z] <<< [apiv2][body] POST https://firebaserules.googleapis.com/v1/projects/filip-portfolio-website/rulesets {"name":"projects/filip-portfolio-website/rulesets/cb7baefd-1827-48ac-a7be-d6d1023af070","source":{"files":[{"content":"rules_version = '2';\n\n// Craft rules based on data in your Firestore database\n// allow write: if firestore.get(\n//    /databases/(default)/documents/users/$(request.auth.uid)).data.isAdmin;\nservice firebase.storage {\n  match /b/{bucket}/o {\n    match /{allPaths=**} {\n      allow read, write: if false;\n    }\n  }\n}\n","name":"storage.rules"}]},"createTime":"2024-10-29T11:13:47.292047Z","metadata":{"services":["firebase.storage"]}}
[debug] [2024-10-29T11:13:47.306Z] [rules] created ruleset projects/filip-portfolio-website/rulesets/cb7baefd-1827-48ac-a7be-d6d1023af070
[debug] [2024-10-29T11:13:47.306Z] Checked if tokens are valid: true, expires at: 1730203431259
[debug] [2024-10-29T11:13:47.306Z] Checked if tokens are valid: true, expires at: 1730203431259
[info] i  firestore: deploying indexes... 
[debug] [2024-10-29T11:13:47.308Z] Checked if tokens are valid: true, expires at: 1730203431259
[debug] [2024-10-29T11:13:47.308Z] Checked if tokens are valid: true, expires at: 1730203431259
[debug] [2024-10-29T11:13:47.308Z] >>> [apiv2][query] GET https://firebaserules.googleapis.com/v1/projects/filip-portfolio-website/releases pageSize=10&pageToken=
[debug] [2024-10-29T11:13:47.308Z] >>> [apiv2][query] GET https://firestore.googleapis.com/v1/projects/filip-portfolio-website/databases/(default)/collectionGroups/-/indexes [none]
[debug] [2024-10-29T11:13:47.354Z] <<< [apiv2][status] GET https://firebaserules.googleapis.com/v1/projects/filip-portfolio-website/releases 200
[debug] [2024-10-29T11:13:47.354Z] <<< [apiv2][body] GET https://firebaserules.googleapis.com/v1/projects/filip-portfolio-website/releases {"releases":[{"name":"projects/filip-portfolio-website/releases/cloud.firestore","rulesetName":"projects/filip-portfolio-website/rulesets/aa5bdf79-ba4e-4d80-af3a-382e5b495c3b","createTime":"2024-10-28T21:58:12.664742Z","updateTime":"2024-10-28T22:21:50.928324Z"},{"name":"projects/filip-portfolio-website/releases/firebase.storage/filip-portfolio-website.appspot.com","rulesetName":"projects/filip-portfolio-website/rulesets/7301b438-45e0-4b99-a7cb-8fcd99142ca0","createTime":"2024-10-28T22:22:57.376492Z","updateTime":"2024-10-28T22:23:25.738490Z"}]}
[debug] [2024-10-29T11:13:47.354Z] Checked if tokens are valid: true, expires at: 1730203431259
[debug] [2024-10-29T11:13:47.355Z] Checked if tokens are valid: true, expires at: 1730203431259
[debug] [2024-10-29T11:13:47.355Z] >>> [apiv2][query] GET https://firebaserules.googleapis.com/v1/projects/filip-portfolio-website/rulesets/aa5bdf79-ba4e-4d80-af3a-382e5b495c3b [none]
[debug] [2024-10-29T11:13:47.381Z] <<< [apiv2][status] GET https://firebaserules.googleapis.com/v1/projects/filip-portfolio-website/rulesets/aa5bdf79-ba4e-4d80-af3a-382e5b495c3b 200
[debug] [2024-10-29T11:13:47.381Z] <<< [apiv2][body] GET https://firebaserules.googleapis.com/v1/projects/filip-portfolio-website/rulesets/aa5bdf79-ba4e-4d80-af3a-382e5b495c3b [omitted]
[info] i  firestore: latest version of firestore.rules already up to date, skipping upload... 
[debug] [2024-10-29T11:13:48.158Z] <<< [apiv2][status] GET https://firestore.googleapis.com/v1/projects/filip-portfolio-website/databases/(default)/collectionGroups/-/indexes 200
[debug] [2024-10-29T11:13:48.158Z] <<< [apiv2][body] GET https://firestore.googleapis.com/v1/projects/filip-portfolio-website/databases/(default)/collectionGroups/-/indexes {}
[debug] [2024-10-29T11:13:48.159Z] Checked if tokens are valid: true, expires at: 1730203431259
[debug] [2024-10-29T11:13:48.159Z] Checked if tokens are valid: true, expires at: 1730203431259
[debug] [2024-10-29T11:13:48.159Z] >>> [apiv2][query] GET https://firestore.googleapis.com/v1/projects/filip-portfolio-website/databases/(default)/collectionGroups/-/fields?filter=indexConfig.usesAncestorConfig=false OR ttlConfig:* [none]
[debug] [2024-10-29T11:13:48.334Z] <<< [apiv2][status] GET https://firestore.googleapis.com/v1/projects/filip-portfolio-website/databases/(default)/collectionGroups/-/fields?filter=indexConfig.usesAncestorConfig=false OR ttlConfig:* 200
[debug] [2024-10-29T11:13:48.334Z] <<< [apiv2][body] GET https://firestore.googleapis.com/v1/projects/filip-portfolio-website/databases/(default)/collectionGroups/-/fields?filter=indexConfig.usesAncestorConfig=false OR ttlConfig:* {"fields":[{"name":"projects/filip-portfolio-website/databases/(default)/collectionGroups/__default__/fields/*","indexConfig":{"indexes":[{"queryScope":"COLLECTION","fields":[{"fieldPath":"*","order":"ASCENDING"}],"state":"READY"},{"queryScope":"COLLECTION","fields":[{"fieldPath":"*","order":"DESCENDING"}],"state":"READY"},{"queryScope":"COLLECTION","fields":[{"fieldPath":"*","arrayConfig":"CONTAINS"}],"state":"READY"}]}}]}
[info] ✔  firestore: deployed indexes in firestore.indexes.json successfully for (default) database 
[info] i  hosting[filip-portfolio-website]: beginning deploy... 
[info] i  hosting[filip-portfolio-website]: found 2 files in public 
[debug] [2024-10-29T11:13:48.351Z] [hosting] uploading with 200 concurrency
[debug] [2024-10-29T11:13:48.352Z] [hosting] hash cache [cHVibGlj] not populated
[debug] [2024-10-29T11:13:48.362Z] Checked if tokens are valid: true, expires at: 1730203431259
[debug] [2024-10-29T11:13:48.362Z] Checked if tokens are valid: true, expires at: 1730203431259
[debug] [2024-10-29T11:13:48.368Z] [hosting] hash cache [cHVibGlj] stored for 2 files
[debug] [2024-10-29T11:13:48.368Z] [hosting][hash queue][FINAL] {"max":6,"min":6,"avg":6,"active":0,"complete":2,"success":2,"errored":0,"retried":0,"total":2,"elapsed":15}
[debug] [2024-10-29T11:13:48.368Z] >>> [apiv2][query] POST https://firebasehosting.googleapis.com/v1beta1/projects/730552061318/sites/filip-portfolio-website/versions/44206d5f2f74d9da:populateFiles [none]
[debug] [2024-10-29T11:13:48.368Z] >>> [apiv2][body] POST https://firebasehosting.googleapis.com/v1beta1/projects/730552061318/sites/filip-portfolio-website/versions/44206d5f2f74d9da:populateFiles {"files":{"/index.html":"6f82e64e4fb0994196d03c793924e298a062297b2dfe8cff45fae247b0019b54","/favicon.ico":"2ccfb0a1407a2b1561918a66656e80bf3e0eacaa688e8d543fc3ac8af830ad90"}}
[debug] [2024-10-29T11:13:48.583Z] <<< [apiv2][status] POST https://firebasehosting.googleapis.com/v1beta1/projects/730552061318/sites/filip-portfolio-website/versions/44206d5f2f74d9da:populateFiles 200
[debug] [2024-10-29T11:13:48.583Z] <<< [apiv2][body] POST https://firebasehosting.googleapis.com/v1beta1/projects/730552061318/sites/filip-portfolio-website/versions/44206d5f2f74d9da:populateFiles {"uploadRequiredHashes":["6f82e64e4fb0994196d03c793924e298a062297b2dfe8cff45fae247b0019b54","2ccfb0a1407a2b1561918a66656e80bf3e0eacaa688e8d543fc3ac8af830ad90"],"uploadUrl":"https://upload-firebasehosting.googleapis.com/upload/sites/filip-portfolio-website/versions/44206d5f2f74d9da/files"}
[debug] [2024-10-29T11:13:48.584Z] Checked if tokens are valid: true, expires at: 1730203431259
[debug] [2024-10-29T11:13:48.584Z] Checked if tokens are valid: true, expires at: 1730203431259
[debug] [2024-10-29T11:13:48.584Z] Checked if tokens are valid: true, expires at: 1730203431259
[debug] [2024-10-29T11:13:48.584Z] Checked if tokens are valid: true, expires at: 1730203431259
[debug] [2024-10-29T11:13:48.584Z] >>> [apiv2][query] POST https://upload-firebasehosting.googleapis.com/upload/sites/filip-portfolio-website/versions/44206d5f2f74d9da/files/6f82e64e4fb0994196d03c793924e298a062297b2dfe8cff45fae247b0019b54 [none]
[debug] [2024-10-29T11:13:48.584Z] >>> [apiv2][body] POST https://upload-firebasehosting.googleapis.com/upload/sites/filip-portfolio-website/versions/44206d5f2f74d9da/files/6f82e64e4fb0994196d03c793924e298a062297b2dfe8cff45fae247b0019b54 [stream]
[debug] [2024-10-29T11:13:48.586Z] >>> [apiv2][query] POST https://upload-firebasehosting.googleapis.com/upload/sites/filip-portfolio-website/versions/44206d5f2f74d9da/files/2ccfb0a1407a2b1561918a66656e80bf3e0eacaa688e8d543fc3ac8af830ad90 [none]
[debug] [2024-10-29T11:13:48.586Z] >>> [apiv2][body] POST https://upload-firebasehosting.googleapis.com/upload/sites/filip-portfolio-website/versions/44206d5f2f74d9da/files/2ccfb0a1407a2b1561918a66656e80bf3e0eacaa688e8d543fc3ac8af830ad90 [stream]
[debug] [2024-10-29T11:13:48.587Z] [hosting][populate queue][FINAL] {"max":223,"min":223,"avg":223,"active":0,"complete":1,"success":1,"errored":0,"retried":0,"total":1,"elapsed":226}
[debug] [2024-10-29T11:13:48.587Z] [hosting] uploads queued: 2
[debug] [2024-10-29T11:13:48.770Z] <<< [apiv2][status] POST https://upload-firebasehosting.googleapis.com/upload/sites/filip-portfolio-website/versions/44206d5f2f74d9da/files/6f82e64e4fb0994196d03c793924e298a062297b2dfe8cff45fae247b0019b54 200
[debug] [2024-10-29T11:13:48.770Z] <<< [apiv2][body] POST https://upload-firebasehosting.googleapis.com/upload/sites/filip-portfolio-website/versions/44206d5f2f74d9da/files/6f82e64e4fb0994196d03c793924e298a062297b2dfe8cff45fae247b0019b54 [stream]
[debug] [2024-10-29T11:13:48.787Z] <<< [apiv2][status] POST https://upload-firebasehosting.googleapis.com/upload/sites/filip-portfolio-website/versions/44206d5f2f74d9da/files/2ccfb0a1407a2b1561918a66656e80bf3e0eacaa688e8d543fc3ac8af830ad90 200
[debug] [2024-10-29T11:13:48.787Z] <<< [apiv2][body] POST https://upload-firebasehosting.googleapis.com/upload/sites/filip-portfolio-website/versions/44206d5f2f74d9da/files/2ccfb0a1407a2b1561918a66656e80bf3e0eacaa688e8d543fc3ac8af830ad90 [stream]
[debug] [2024-10-29T11:13:48.787Z] [hosting][upload queue][FINAL] {"max":203,"min":187,"avg":195,"active":0,"complete":2,"success":2,"errored":0,"retried":0,"total":2,"elapsed":204}
[info] ✔  hosting[filip-portfolio-website]: file upload complete 
[debug] [2024-10-29T11:13:48.788Z] [hosting] deploy completed after 451ms
[debug] [2024-10-29T11:13:48.788Z] Checked if tokens are valid: true, expires at: 1730203431259
[debug] [2024-10-29T11:13:48.788Z] Checked if tokens are valid: true, expires at: 1730203431259
[debug] [2024-10-29T11:13:48.789Z] >>> [apiv2][query] GET https://firebasedataconnect.googleapis.com/v1beta/projects/filip-portfolio-website/locations/-/services [none]
[debug] [2024-10-29T11:13:49.155Z] <<< [apiv2][status] GET https://firebasedataconnect.googleapis.com/v1beta/projects/filip-portfolio-website/locations/-/services 200
[debug] [2024-10-29T11:13:49.156Z] <<< [apiv2][body] GET https://firebasedataconnect.googleapis.com/v1beta/projects/filip-portfolio-website/locations/-/services {}
[debug] [2024-10-29T11:13:49.156Z] Checked if tokens are valid: true, expires at: 1730203431259
[debug] [2024-10-29T11:13:49.156Z] Checked if tokens are valid: true, expires at: 1730203431259
[debug] [2024-10-29T11:13:49.157Z] >>> [apiv2][query] POST https://firebasedataconnect.googleapis.com/v1beta/projects/filip-portfolio-website/locations/us-central1/services service_id=filipkufner
[debug] [2024-10-29T11:13:49.157Z] >>> [apiv2][body] POST https://firebasedataconnect.googleapis.com/v1beta/projects/filip-portfolio-website/locations/us-central1/services {"name":"projects/filip-portfolio-website/locations/us-central1/services/filipkufner"}
[debug] [2024-10-29T11:13:50.479Z] <<< [apiv2][status] POST https://firebasedataconnect.googleapis.com/v1beta/projects/filip-portfolio-website/locations/us-central1/services 200
[debug] [2024-10-29T11:13:50.480Z] <<< [apiv2][body] POST https://firebasedataconnect.googleapis.com/v1beta/projects/filip-portfolio-website/locations/us-central1/services {"name":"projects/filip-portfolio-website/locations/us-central1/operations/operation-1730200429220-6259badf95162-c49cfe04-f2658c40","metadata":{"@type":"type.googleapis.com/google.firebase.dataconnect.v1beta.OperationMetadata","createTime":"2024-10-29T11:13:50.451855231Z","target":"projects/filip-portfolio-website/locations/us-central1/services/filipkufner","verb":"create","requestedCancellation":false,"apiVersion":"v1beta"},"done":false}
[debug] [2024-10-29T11:13:50.481Z] Checked if tokens are valid: true, expires at: 1730203431259
[debug] [2024-10-29T11:13:50.482Z] Checked if tokens are valid: true, expires at: 1730203431259
[debug] [2024-10-29T11:13:50.482Z] >>> [apiv2][query] GET https://firebasedataconnect.googleapis.com/v1beta/projects/filip-portfolio-website/locations/us-central1/operations/operation-1730200429220-6259badf95162-c49cfe04-f2658c40 [none]
[debug] [2024-10-29T11:13:50.538Z] <<< [apiv2][status] GET https://firebasedataconnect.googleapis.com/v1beta/projects/filip-portfolio-website/locations/us-central1/operations/operation-1730200429220-6259badf95162-c49cfe04-f2658c40 200
[debug] [2024-10-29T11:13:50.538Z] <<< [apiv2][body] GET https://firebasedataconnect.googleapis.com/v1beta/projects/filip-portfolio-website/locations/us-central1/operations/operation-1730200429220-6259badf95162-c49cfe04-f2658c40 {"name":"projects/filip-portfolio-website/locations/us-central1/operations/operation-1730200429220-6259badf95162-c49cfe04-f2658c40","metadata":{"@type":"type.googleapis.com/google.firebase.dataconnect.v1beta.OperationMetadata","createTime":"2024-10-29T11:13:50.451855231Z","target":"projects/filip-portfolio-website/locations/us-central1/services/filipkufner","verb":"create","requestedCancellation":false,"apiVersion":"v1beta"},"done":false}
[debug] [2024-10-29T11:13:51.038Z] [LRO Poller] Retrying task index 0
[debug] [2024-10-29T11:13:51.039Z] Checked if tokens are valid: true, expires at: 1730203431259
[debug] [2024-10-29T11:13:51.039Z] Checked if tokens are valid: true, expires at: 1730203431259
[debug] [2024-10-29T11:13:51.039Z] >>> [apiv2][query] GET https://firebasedataconnect.googleapis.com/v1beta/projects/filip-portfolio-website/locations/us-central1/operations/operation-1730200429220-6259badf95162-c49cfe04-f2658c40 [none]
[debug] [2024-10-29T11:13:51.093Z] <<< [apiv2][status] GET https://firebasedataconnect.googleapis.com/v1beta/projects/filip-portfolio-website/locations/us-central1/operations/operation-1730200429220-6259badf95162-c49cfe04-f2658c40 200
[debug] [2024-10-29T11:13:51.093Z] <<< [apiv2][body] GET https://firebasedataconnect.googleapis.com/v1beta/projects/filip-portfolio-website/locations/us-central1/operations/operation-1730200429220-6259badf95162-c49cfe04-f2658c40 {"name":"projects/filip-portfolio-website/locations/us-central1/operations/operation-1730200429220-6259badf95162-c49cfe04-f2658c40","metadata":{"@type":"type.googleapis.com/google.firebase.dataconnect.v1beta.OperationMetadata","createTime":"2024-10-29T11:13:50.451855231Z","endTime":"2024-10-29T11:13:50.759738389Z","target":"projects/filip-portfolio-website/locations/us-central1/services/filipkufner","verb":"create","requestedCancellation":false,"apiVersion":"v1beta"},"done":true,"response":{"@type":"type.googleapis.com/google.firebase.dataconnect.v1beta.Service","name":"projects/filip-portfolio-website/locations/us-central1/services/filipkufner","createTime":"2024-10-29T11:13:50.447707372Z","updateTime":"2024-10-29T11:13:50.447707372Z","uid":"872f9e1e-04b8-4ee4-9114-bcc7c78eba41","reconciling":false,"etag":"Mos6iJUptwKciPWCn71ab4foaXGvqKf47ujhmH6xMJM"}}
[info] ✔  dataconnect: Created service projects/filip-portfolio-website/locations/us-central1/services/filipkufner 
[info] i  dataconnect: Checking for CloudSQL resources... 
[debug] [2024-10-29T11:13:51.094Z] Checked if tokens are valid: true, expires at: 1730203431259
[debug] [2024-10-29T11:13:51.094Z] Checked if tokens are valid: true, expires at: 1730203431259
[debug] [2024-10-29T11:13:51.094Z] >>> [apiv2][query] GET https://sqladmin.googleapis.com/v1/projects/filip-portfolio-website/instances/filipkufner-fdc [none]
[debug] [2024-10-29T11:13:51.176Z] <<< [apiv2][status] GET https://sqladmin.googleapis.com/v1/projects/filip-portfolio-website/instances/filipkufner-fdc 404
[debug] [2024-10-29T11:13:51.176Z] <<< [apiv2][body] GET https://sqladmin.googleapis.com/v1/projects/filip-portfolio-website/instances/filipkufner-fdc {"error":{"code":404,"message":"The Cloud SQL instance does not exist.","errors":[{"message":"The Cloud SQL instance does not exist.","domain":"global","reason":"instanceDoesNotExist"}]}}
[debug] [2024-10-29T11:13:51.177Z] Checked if tokens are valid: true, expires at: 1730203431259
[debug] [2024-10-29T11:13:51.177Z] Checked if tokens are valid: true, expires at: 1730203431259
[debug] [2024-10-29T11:13:51.177Z] >>> [apiv2][query] GET https://sqladmin.googleapis.com/v1/projects/filip-portfolio-website/instances [none]
[debug] [2024-10-29T11:13:51.286Z] <<< [apiv2][status] GET https://sqladmin.googleapis.com/v1/projects/filip-portfolio-website/instances 200
[debug] [2024-10-29T11:13:51.286Z] <<< [apiv2][body] GET https://sqladmin.googleapis.com/v1/projects/filip-portfolio-website/instances {}
[debug] [2024-10-29T11:13:51.287Z] Checked if tokens are valid: true, expires at: 1730203431259
[debug] [2024-10-29T11:13:51.287Z] Checked if tokens are valid: true, expires at: 1730203431259
[debug] [2024-10-29T11:13:51.287Z] >>> [apiv2][query] GET https://monitoring.googleapis.com/v3/projects/filip-portfolio-website/timeSeries/ filter=metric.type%3D%22serviceruntime.googleapis.com%2Fquota%2Fallocation%2Fusage%22+AND+metric.label.quota_metric+%3D+%22sqladmin.googleapis.com%2Ffdc_lifetime_free_trial_per_project%22&interval.endTime=2024-10-29T11%3A13%3A51.286Z&interval.startTime=2024-10-22T11%3A13%3A51.286Z
[debug] [2024-10-29T11:13:52.050Z] <<< [apiv2][status] GET https://monitoring.googleapis.com/v3/projects/filip-portfolio-website/timeSeries/ 200
[debug] [2024-10-29T11:13:52.050Z] <<< [apiv2][body] GET https://monitoring.googleapis.com/v3/projects/filip-portfolio-website/timeSeries/ {"unit":"1"}
[info] i  dataconnect: CloudSQL instance 'filipkufner-fdc' not found.Creating it now.
This instance is provided under the terms of the Data Connect no-cost trial https://firebase.google.com/pricing
Monitor the progress at https://console.cloud.google.com/sql/instances/filipkufner-fdc/overview?project=filip-portfolio-website 
[debug] [2024-10-29T11:13:52.051Z] Checked if tokens are valid: true, expires at: 1730203431259
[debug] [2024-10-29T11:13:52.052Z] Checked if tokens are valid: true, expires at: 1730203431259
[debug] [2024-10-29T11:13:52.052Z] >>> [apiv2][query] POST https://sqladmin.googleapis.com/v1/projects/filip-portfolio-website/instances [none]
[debug] [2024-10-29T11:13:52.052Z] >>> [apiv2][body] POST https://sqladmin.googleapis.com/v1/projects/filip-portfolio-website/instances {"name":"filipkufner-fdc","region":"us-central1","databaseVersion":"POSTGRES_15","settings":{"tier":"db-f1-micro","edition":"ENTERPRISE","ipConfiguration":{"authorizedNetworks":[]},"enableGoogleMlIntegration":false,"databaseFlags":[{"name":"cloudsql.iam_authentication","value":"on"}],"storageAutoResize":false,"userLabels":{"firebase-data-connect":"ft"},"insightsConfig":{"queryInsightsEnabled":true,"queryPlansPerMinute":5,"queryStringLength":1024}}}
[debug] [2024-10-29T11:13:53.000Z] <<< [apiv2][status] POST https://sqladmin.googleapis.com/v1/projects/filip-portfolio-website/instances 200
[debug] [2024-10-29T11:13:53.000Z] <<< [apiv2][body] POST https://sqladmin.googleapis.com/v1/projects/filip-portfolio-website/instances {"kind":"sql#operation","targetLink":"https://sqladmin.googleapis.com/v1/projects/filip-portfolio-website/instances/filipkufner-fdc","status":"PENDING","user":"davidveli2000@hotmail.com","insertTime":"2024-10-29T11:13:52.964Z","operationType":"CREATE","name":"84dd02a4-d9ed-4b7f-9696-cd4300000032","targetId":"filipkufner-fdc","selfLink":"https://sqladmin.googleapis.com/v1/projects/filip-portfolio-website/operations/84dd02a4-d9ed-4b7f-9696-cd4300000032","targetProject":"filip-portfolio-website"}
[debug] [2024-10-29T11:13:53.001Z] Checked if tokens are valid: true, expires at: 1730203431259
[debug] [2024-10-29T11:13:53.001Z] Checked if tokens are valid: true, expires at: 1730203431259
[debug] [2024-10-29T11:13:53.001Z] >>> [apiv2][query] GET https://sqladmin.googleapis.com/v1/projects/filip-portfolio-website/operations/84dd02a4-d9ed-4b7f-9696-cd4300000032 [none]
[debug] [2024-10-29T11:13:53.084Z] <<< [apiv2][status] GET https://sqladmin.googleapis.com/v1/projects/filip-portfolio-website/operations/84dd02a4-d9ed-4b7f-9696-cd4300000032 200
[debug] [2024-10-29T11:13:53.085Z] <<< [apiv2][body] GET https://sqladmin.googleapis.com/v1/projects/filip-portfolio-website/operations/84dd02a4-d9ed-4b7f-9696-cd4300000032 {"kind":"sql#operation","targetLink":"https://sqladmin.googleapis.com/v1/projects/filip-portfolio-website/instances/filipkufner-fdc","status":"PENDING","user":"davidveli2000@hotmail.com","insertTime":"2024-10-29T11:13:52.964Z","operationType":"CREATE","name":"84dd02a4-d9ed-4b7f-9696-cd4300000032","targetId":"filipkufner-fdc","selfLink":"https://sqladmin.googleapis.com/v1/projects/filip-portfolio-website/operations/84dd02a4-d9ed-4b7f-9696-cd4300000032","targetProject":"filip-portfolio-website"}
[debug] [2024-10-29T11:13:53.585Z] [LRO Poller] Retrying task index 0
[debug] [2024-10-29T11:13:53.585Z] Checked if tokens are valid: true, expires at: 1730203431259
[debug] [2024-10-29T11:13:53.585Z] Checked if tokens are valid: true, expires at: 1730203431259
[debug] [2024-10-29T11:13:53.586Z] >>> [apiv2][query] GET https://sqladmin.googleapis.com/v1/projects/filip-portfolio-website/operations/84dd02a4-d9ed-4b7f-9696-cd4300000032 [none]
[debug] [2024-10-29T11:13:53.664Z] <<< [apiv2][status] GET https://sqladmin.googleapis.com/v1/projects/filip-portfolio-website/operations/84dd02a4-d9ed-4b7f-9696-cd4300000032 200
[debug] [2024-10-29T11:13:53.664Z] <<< [apiv2][body] GET https://sqladmin.googleapis.com/v1/projects/filip-portfolio-website/operations/84dd02a4-d9ed-4b7f-9696-cd4300000032 {"kind":"sql#operation","targetLink":"https://sqladmin.googleapis.com/v1/projects/filip-portfolio-website/instances/filipkufner-fdc","status":"RUNNING","user":"davidveli2000@hotmail.com","insertTime":"2024-10-29T11:13:52.964Z","startTime":"2024-10-29T11:13:53.130Z","operationType":"CREATE","name":"84dd02a4-d9ed-4b7f-9696-cd4300000032","targetId":"filipkufner-fdc","selfLink":"https://sqladmin.googleapis.com/v1/projects/filip-portfolio-website/operations/84dd02a4-d9ed-4b7f-9696-cd4300000032","targetProject":"filip-portfolio-website"}
[debug] [2024-10-29T11:13:54.665Z] [LRO Poller] Retrying task index 0
[debug] [2024-10-29T11:13:54.665Z] Checked if tokens are valid: true, expires at: 1730203431259
[debug] [2024-10-29T11:13:54.665Z] Checked if tokens are valid: true, expires at: 1730203431259
[debug] [2024-10-29T11:13:54.665Z] >>> [apiv2][query] GET https://sqladmin.googleapis.com/v1/projects/filip-portfolio-website/operations/84dd02a4-d9ed-4b7f-9696-cd4300000032 [none]
[debug] [2024-10-29T11:13:54.742Z] <<< [apiv2][status] GET https://sqladmin.googleapis.com/v1/projects/filip-portfolio-website/operations/84dd02a4-d9ed-4b7f-9696-cd4300000032 200
[debug] [2024-10-29T11:13:54.742Z] <<< [apiv2][body] GET https://sqladmin.googleapis.com/v1/projects/filip-portfolio-website/operations/84dd02a4-d9ed-4b7f-9696-cd4300000032 {"kind":"sql#operation","targetLink":"https://sqladmin.googleapis.com/v1/projects/filip-portfolio-website/instances/filipkufner-fdc","status":"RUNNING","user":"davidveli2000@hotmail.com","insertTime":"2024-10-29T11:13:52.964Z","startTime":"2024-10-29T11:13:53.130Z","operationType":"CREATE","name":"84dd02a4-d9ed-4b7f-9696-cd4300000032","targetId":"filipkufner-fdc","selfLink":"https://sqladmin.googleapis.com/v1/projects/filip-portfolio-website/operations/84dd02a4-d9ed-4b7f-9696-cd4300000032","targetProject":"filip-portfolio-website"}
[debug] [2024-10-29T11:13:56.742Z] [LRO Poller] Retrying task index 0
[debug] [2024-10-29T11:13:56.742Z] Checked if tokens are valid: true, expires at: 1730203431259
[debug] [2024-10-29T11:13:56.742Z] Checked if tokens are valid: true, expires at: 1730203431259
[debug] [2024-10-29T11:13:56.743Z] >>> [apiv2][query] GET https://sqladmin.googleapis.com/v1/projects/filip-portfolio-website/operations/84dd02a4-d9ed-4b7f-9696-cd4300000032 [none]
[debug] [2024-10-29T11:13:56.807Z] <<< [apiv2][status] GET https://sqladmin.googleapis.com/v1/projects/filip-portfolio-website/operations/84dd02a4-d9ed-4b7f-9696-cd4300000032 200
[debug] [2024-10-29T11:13:56.807Z] <<< [apiv2][body] GET https://sqladmin.googleapis.com/v1/projects/filip-portfolio-website/operations/84dd02a4-d9ed-4b7f-9696-cd4300000032 {"kind":"sql#operation","targetLink":"https://sqladmin.googleapis.com/v1/projects/filip-portfolio-website/instances/filipkufner-fdc","status":"RUNNING","user":"davidveli2000@hotmail.com","insertTime":"2024-10-29T11:13:52.964Z","startTime":"2024-10-29T11:13:53.130Z","operationType":"CREATE","name":"84dd02a4-d9ed-4b7f-9696-cd4300000032","targetId":"filipkufner-fdc","selfLink":"https://sqladmin.googleapis.com/v1/projects/filip-portfolio-website/operations/84dd02a4-d9ed-4b7f-9696-cd4300000032","targetProject":"filip-portfolio-website"}
[debug] [2024-10-29T11:14:00.808Z] [LRO Poller] Retrying task index 0
[debug] [2024-10-29T11:14:00.808Z] Checked if tokens are valid: true, expires at: 1730203431259
[debug] [2024-10-29T11:14:00.808Z] Checked if tokens are valid: true, expires at: 1730203431259
[debug] [2024-10-29T11:14:00.808Z] >>> [apiv2][query] GET https://sqladmin.googleapis.com/v1/projects/filip-portfolio-website/operations/84dd02a4-d9ed-4b7f-9696-cd4300000032 [none]
[debug] [2024-10-29T11:14:00.888Z] <<< [apiv2][status] GET https://sqladmin.googleapis.com/v1/projects/filip-portfolio-website/operations/84dd02a4-d9ed-4b7f-9696-cd4300000032 200
[debug] [2024-10-29T11:14:00.888Z] <<< [apiv2][body] GET https://sqladmin.googleapis.com/v1/projects/filip-portfolio-website/operations/84dd02a4-d9ed-4b7f-9696-cd4300000032 {"kind":"sql#operation","targetLink":"https://sqladmin.googleapis.com/v1/projects/filip-portfolio-website/instances/filipkufner-fdc","status":"RUNNING","user":"davidveli2000@hotmail.com","insertTime":"2024-10-29T11:13:52.964Z","startTime":"2024-10-29T11:13:53.130Z","operationType":"CREATE","name":"84dd02a4-d9ed-4b7f-9696-cd4300000032","targetId":"filipkufner-fdc","selfLink":"https://sqladmin.googleapis.com/v1/projects/filip-portfolio-website/operations/84dd02a4-d9ed-4b7f-9696-cd4300000032","targetProject":"filip-portfolio-website"}
[debug] [2024-10-29T11:14:08.889Z] [LRO Poller] Retrying task index 0
[debug] [2024-10-29T11:14:08.889Z] Checked if tokens are valid: true, expires at: 1730203431259
[debug] [2024-10-29T11:14:08.889Z] Checked if tokens are valid: true, expires at: 1730203431259
[debug] [2024-10-29T11:14:08.889Z] >>> [apiv2][query] GET https://sqladmin.googleapis.com/v1/projects/filip-portfolio-website/operations/84dd02a4-d9ed-4b7f-9696-cd4300000032 [none]
[debug] [2024-10-29T11:14:08.976Z] <<< [apiv2][status] GET https://sqladmin.googleapis.com/v1/projects/filip-portfolio-website/operations/84dd02a4-d9ed-4b7f-9696-cd4300000032 200
[debug] [2024-10-29T11:14:08.976Z] <<< [apiv2][body] GET https://sqladmin.googleapis.com/v1/projects/filip-portfolio-website/operations/84dd02a4-d9ed-4b7f-9696-cd4300000032 {"kind":"sql#operation","targetLink":"https://sqladmin.googleapis.com/v1/projects/filip-portfolio-website/instances/filipkufner-fdc","status":"RUNNING","user":"davidveli2000@hotmail.com","insertTime":"2024-10-29T11:13:52.964Z","startTime":"2024-10-29T11:13:53.130Z","operationType":"CREATE","name":"84dd02a4-d9ed-4b7f-9696-cd4300000032","targetId":"filipkufner-fdc","selfLink":"https://sqladmin.googleapis.com/v1/projects/filip-portfolio-website/operations/84dd02a4-d9ed-4b7f-9696-cd4300000032","targetProject":"filip-portfolio-website"}
[debug] [2024-10-29T11:14:24.976Z] [LRO Poller] Retrying task index 0
[debug] [2024-10-29T11:14:24.977Z] Checked if tokens are valid: true, expires at: 1730203431259
[debug] [2024-10-29T11:14:24.977Z] Checked if tokens are valid: true, expires at: 1730203431259
[debug] [2024-10-29T11:14:24.977Z] >>> [apiv2][query] GET https://sqladmin.googleapis.com/v1/projects/filip-portfolio-website/operations/84dd02a4-d9ed-4b7f-9696-cd4300000032 [none]
[debug] [2024-10-29T11:14:25.068Z] <<< [apiv2][status] GET https://sqladmin.googleapis.com/v1/projects/filip-portfolio-website/operations/84dd02a4-d9ed-4b7f-9696-cd4300000032 200
[debug] [2024-10-29T11:14:25.068Z] <<< [apiv2][body] GET https://sqladmin.googleapis.com/v1/projects/filip-portfolio-website/operations/84dd02a4-d9ed-4b7f-9696-cd4300000032 {"kind":"sql#operation","targetLink":"https://sqladmin.googleapis.com/v1/projects/filip-portfolio-website/instances/filipkufner-fdc","status":"RUNNING","user":"davidveli2000@hotmail.com","insertTime":"2024-10-29T11:13:52.964Z","startTime":"2024-10-29T11:13:53.130Z","operationType":"CREATE","name":"84dd02a4-d9ed-4b7f-9696-cd4300000032","targetId":"filipkufner-fdc","selfLink":"https://sqladmin.googleapis.com/v1/projects/filip-portfolio-website/operations/84dd02a4-d9ed-4b7f-9696-cd4300000032","targetProject":"filip-portfolio-website"}
[debug] [2024-10-29T11:14:57.068Z] [LRO Poller] Retrying task index 0
[debug] [2024-10-29T11:14:57.069Z] Checked if tokens are valid: true, expires at: 1730203431259
[debug] [2024-10-29T11:14:57.069Z] Checked if tokens are valid: true, expires at: 1730203431259
[debug] [2024-10-29T11:14:57.069Z] >>> [apiv2][query] GET https://sqladmin.googleapis.com/v1/projects/filip-portfolio-website/operations/84dd02a4-d9ed-4b7f-9696-cd4300000032 [none]
[debug] [2024-10-29T11:14:57.150Z] <<< [apiv2][status] GET https://sqladmin.googleapis.com/v1/projects/filip-portfolio-website/operations/84dd02a4-d9ed-4b7f-9696-cd4300000032 200
[debug] [2024-10-29T11:14:57.150Z] <<< [apiv2][body] GET https://sqladmin.googleapis.com/v1/projects/filip-portfolio-website/operations/84dd02a4-d9ed-4b7f-9696-cd4300000032 {"kind":"sql#operation","targetLink":"https://sqladmin.googleapis.com/v1/projects/filip-portfolio-website/instances/filipkufner-fdc","status":"RUNNING","user":"davidveli2000@hotmail.com","insertTime":"2024-10-29T11:13:52.964Z","startTime":"2024-10-29T11:13:53.130Z","operationType":"CREATE","name":"84dd02a4-d9ed-4b7f-9696-cd4300000032","targetId":"filipkufner-fdc","selfLink":"https://sqladmin.googleapis.com/v1/projects/filip-portfolio-website/operations/84dd02a4-d9ed-4b7f-9696-cd4300000032","targetProject":"filip-portfolio-website"}
[debug] [2024-10-29T11:15:57.151Z] [LRO Poller] Retrying task index 0
[debug] [2024-10-29T11:15:57.151Z] Checked if tokens are valid: true, expires at: 1730203431259
[debug] [2024-10-29T11:15:57.151Z] Checked if tokens are valid: true, expires at: 1730203431259
[debug] [2024-10-29T11:15:57.151Z] >>> [apiv2][query] GET https://sqladmin.googleapis.com/v1/projects/filip-portfolio-website/operations/84dd02a4-d9ed-4b7f-9696-cd4300000032 [none]
[debug] [2024-10-29T11:15:57.238Z] <<< [apiv2][status] GET https://sqladmin.googleapis.com/v1/projects/filip-portfolio-website/operations/84dd02a4-d9ed-4b7f-9696-cd4300000032 200
[debug] [2024-10-29T11:15:57.238Z] <<< [apiv2][body] GET https://sqladmin.googleapis.com/v1/projects/filip-portfolio-website/operations/84dd02a4-d9ed-4b7f-9696-cd4300000032 {"kind":"sql#operation","targetLink":"https://sqladmin.googleapis.com/v1/projects/filip-portfolio-website/instances/filipkufner-fdc","status":"RUNNING","user":"davidveli2000@hotmail.com","insertTime":"2024-10-29T11:13:52.964Z","startTime":"2024-10-29T11:13:53.130Z","operationType":"CREATE","name":"84dd02a4-d9ed-4b7f-9696-cd4300000032","targetId":"filipkufner-fdc","selfLink":"https://sqladmin.googleapis.com/v1/projects/filip-portfolio-website/operations/84dd02a4-d9ed-4b7f-9696-cd4300000032","targetProject":"filip-portfolio-website"}
[debug] [2024-10-29T11:16:57.239Z] [LRO Poller] Retrying task index 0
[debug] [2024-10-29T11:16:57.239Z] Checked if tokens are valid: true, expires at: 1730203431259
[debug] [2024-10-29T11:16:57.240Z] Checked if tokens are valid: true, expires at: 1730203431259
[debug] [2024-10-29T11:16:57.240Z] >>> [apiv2][query] GET https://sqladmin.googleapis.com/v1/projects/filip-portfolio-website/operations/84dd02a4-d9ed-4b7f-9696-cd4300000032 [none]
[debug] [2024-10-29T11:16:57.360Z] <<< [apiv2][status] GET https://sqladmin.googleapis.com/v1/projects/filip-portfolio-website/operations/84dd02a4-d9ed-4b7f-9696-cd4300000032 200
[debug] [2024-10-29T11:16:57.360Z] <<< [apiv2][body] GET https://sqladmin.googleapis.com/v1/projects/filip-portfolio-website/operations/84dd02a4-d9ed-4b7f-9696-cd4300000032 {"kind":"sql#operation","targetLink":"https://sqladmin.googleapis.com/v1/projects/filip-portfolio-website/instances/filipkufner-fdc","status":"RUNNING","user":"davidveli2000@hotmail.com","insertTime":"2024-10-29T11:13:52.964Z","startTime":"2024-10-29T11:13:53.130Z","operationType":"CREATE","name":"84dd02a4-d9ed-4b7f-9696-cd4300000032","targetId":"filipkufner-fdc","selfLink":"https://sqladmin.googleapis.com/v1/projects/filip-portfolio-website/operations/84dd02a4-d9ed-4b7f-9696-cd4300000032","targetProject":"filip-portfolio-website"}
[debug] [2024-10-29T11:17:57.361Z] [LRO Poller] Retrying task index 0
[debug] [2024-10-29T11:17:57.361Z] Checked if tokens are valid: true, expires at: 1730203431259
[debug] [2024-10-29T11:17:57.361Z] Checked if tokens are valid: true, expires at: 1730203431259
[debug] [2024-10-29T11:17:57.361Z] >>> [apiv2][query] GET https://sqladmin.googleapis.com/v1/projects/filip-portfolio-website/operations/84dd02a4-d9ed-4b7f-9696-cd4300000032 [none]
[debug] [2024-10-29T11:17:57.433Z] <<< [apiv2][status] GET https://sqladmin.googleapis.com/v1/projects/filip-portfolio-website/operations/84dd02a4-d9ed-4b7f-9696-cd4300000032 200
[debug] [2024-10-29T11:17:57.433Z] <<< [apiv2][body] GET https://sqladmin.googleapis.com/v1/projects/filip-portfolio-website/operations/84dd02a4-d9ed-4b7f-9696-cd4300000032 {"kind":"sql#operation","targetLink":"https://sqladmin.googleapis.com/v1/projects/filip-portfolio-website/instances/filipkufner-fdc","status":"RUNNING","user":"davidveli2000@hotmail.com","insertTime":"2024-10-29T11:13:52.964Z","startTime":"2024-10-29T11:13:53.130Z","operationType":"CREATE","name":"84dd02a4-d9ed-4b7f-9696-cd4300000032","targetId":"filipkufner-fdc","selfLink":"https://sqladmin.googleapis.com/v1/projects/filip-portfolio-website/operations/84dd02a4-d9ed-4b7f-9696-cd4300000032","targetProject":"filip-portfolio-website"}
[debug] [2024-10-29T11:18:57.433Z] [LRO Poller] Retrying task index 0
[debug] [2024-10-29T11:18:57.434Z] Checked if tokens are valid: true, expires at: 1730203431259
[debug] [2024-10-29T11:18:57.434Z] Checked if tokens are valid: true, expires at: 1730203431259
[debug] [2024-10-29T11:18:57.434Z] >>> [apiv2][query] GET https://sqladmin.googleapis.com/v1/projects/filip-portfolio-website/operations/84dd02a4-d9ed-4b7f-9696-cd4300000032 [none]
[debug] [2024-10-29T11:18:57.530Z] <<< [apiv2][status] GET https://sqladmin.googleapis.com/v1/projects/filip-portfolio-website/operations/84dd02a4-d9ed-4b7f-9696-cd4300000032 200
[debug] [2024-10-29T11:18:57.530Z] <<< [apiv2][body] GET https://sqladmin.googleapis.com/v1/projects/filip-portfolio-website/operations/84dd02a4-d9ed-4b7f-9696-cd4300000032 {"kind":"sql#operation","targetLink":"https://sqladmin.googleapis.com/v1/projects/filip-portfolio-website/instances/filipkufner-fdc","status":"RUNNING","user":"davidveli2000@hotmail.com","insertTime":"2024-10-29T11:13:52.964Z","startTime":"2024-10-29T11:13:53.130Z","operationType":"CREATE","name":"84dd02a4-d9ed-4b7f-9696-cd4300000032","targetId":"filipkufner-fdc","selfLink":"https://sqladmin.googleapis.com/v1/projects/filip-portfolio-website/operations/84dd02a4-d9ed-4b7f-9696-cd4300000032","targetProject":"filip-portfolio-website"}
[debug] [2024-10-29T11:19:57.531Z] [LRO Poller] Retrying task index 0
[debug] [2024-10-29T11:19:57.532Z] Checked if tokens are valid: true, expires at: 1730203431259
[debug] [2024-10-29T11:19:57.532Z] Checked if tokens are valid: true, expires at: 1730203431259
[debug] [2024-10-29T11:19:57.532Z] >>> [apiv2][query] GET https://sqladmin.googleapis.com/v1/projects/filip-portfolio-website/operations/84dd02a4-d9ed-4b7f-9696-cd4300000032 [none]
[debug] [2024-10-29T11:19:57.616Z] <<< [apiv2][status] GET https://sqladmin.googleapis.com/v1/projects/filip-portfolio-website/operations/84dd02a4-d9ed-4b7f-9696-cd4300000032 200
[debug] [2024-10-29T11:19:57.616Z] <<< [apiv2][body] GET https://sqladmin.googleapis.com/v1/projects/filip-portfolio-website/operations/84dd02a4-d9ed-4b7f-9696-cd4300000032 {"kind":"sql#operation","targetLink":"https://sqladmin.googleapis.com/v1/projects/filip-portfolio-website/instances/filipkufner-fdc","status":"RUNNING","user":"davidveli2000@hotmail.com","insertTime":"2024-10-29T11:13:52.964Z","startTime":"2024-10-29T11:13:53.130Z","operationType":"CREATE","name":"84dd02a4-d9ed-4b7f-9696-cd4300000032","targetId":"filipkufner-fdc","selfLink":"https://sqladmin.googleapis.com/v1/projects/filip-portfolio-website/operations/84dd02a4-d9ed-4b7f-9696-cd4300000032","targetProject":"filip-portfolio-website"}
